#
# A fatal error has been detected by the Java Runtime Environment:
#
#  EXCEPTION_ACCESS_VIOLATION (0xc0000005) at pc=0x00007fff0ba131a4, pid=15596, tid=9148
#
# JRE version: OpenJDK Runtime Environment Temurin-11.0.13+8 (11.0.13+8) (build 11.0.13+8)
# Java VM: OpenJDK 64-Bit Server VM Temurin-11.0.13+8 (11.0.13+8, mixed mode, tiered, compressed oops, g1 gc, windows-amd64)
# Problematic frame:
# C  0x00007fff0ba131a4
#
# No core dump will be written. Minidumps are not enabled by default on client versions of Windows
#
# If you would like to submit a bug report, please visit:
#   https://github.com/adoptium/adoptium-support/issues
# The crash happened outside the Java Virtual Machine in native code.
# See problematic frame for where to report the bug.
#

---------------  S U M M A R Y ------------

Command Line: -javaagent:C:\Program Files\JetBrains\IntelliJ IDEA Community Edition 2021.3.1\lib\idea_rt.jar=51123:C:\Program Files\JetBrains\IntelliJ IDEA Community Edition 2021.3.1\bin -Dfile.encoding=UTF-8 GUI

Host: AMD Ryzen 3 3300X 4-Core Processor             , 8 cores, 15G,  Windows 10 , 64 bit Build 22610 (10.0.22610.1)
Time: Wed May  4 01:36:36 2022 SE Asia Standard Time elapsed time: 15.646646 seconds (0d 0h 0m 15s)

---------------  T H R E A D  ---------------

Current thread (0x000001713414a800):  JavaThread "AWT-EventQueue-0" [_thread_in_native, id=9148, stack(0x0000002ea8400000,0x0000002ea8500000)]

Stack: [0x0000002ea8400000,0x0000002ea8500000],  sp=0x0000002ea84faae0,  free space=1002k
Native frames: (J=compiled Java code, j=interpreted, Vv=VM code, C=native code)
C  0x00007fff0ba131a4

Java frames: (J=compiled Java code, j=interpreted, Vv=VM code)
j  sun.java2d.d3d.D3DSurfaceData.initOps(III)V+0 java.desktop@11.0.13
j  sun.java2d.d3d.D3DSurfaceData.<init>(Lsun/awt/windows/WComponentPeer;Lsun/java2d/d3d/D3DGraphicsConfig;IILjava/awt/Image;Ljava/awt/res/ColorModel;IILsun/java2d/pipe/hw/ExtendedBufferCapabilities$VSyncType;I)V+212 java.desktop@11.0.13
j  sun.java2d.d3d.D3DSurfaceData.createData(Lsun/java2d/d3d/D3DGraphicsConfig;IILjava/awt/res/ColorModel;Ljava/awt/Image;I)Lsun/java2d/d3d/D3DSurfaceData;+70 java.desktop@11.0.13
j  sun.java2d.d3d.D3DVolatileSurfaceManager.initAcceleratedSurface()Lsun/java2d/SurfaceData;+142 java.desktop@11.0.13
j  sun.java2d.d3d.D3DVolatileSurfaceManager.restoreAcceleratedSurface()V+49 java.desktop@11.0.13
j  sun.awt.res.VolatileSurfaceManager.validate(Ljava/awt/GraphicsConfiguration;)I+94 java.desktop@11.0.13
j  sun.awt.res.SunVolatileImage.validate(Ljava/awt/GraphicsConfiguration;)I+5 java.desktop@11.0.13
j  javax.swing.RepaintManager$PaintManager.paint(Ljavax/swing/JComponent;Ljavax/swing/JComponent;Ljava/awt/Graphics;IIII)Z+78 java.desktop@11.0.13
J 1655 c1 javax.swing.RepaintManager.paint(Ljavax/swing/JComponent;Ljavax/swing/JComponent;Ljava/awt/Graphics;IIII)V java.desktop@11.0.13 (93 bytes) @ 0x0000017110f65d54 [0x0000017110f658c0+0x0000000000000494]
J 1322 c1 javax.swing.JComponent.paint(Ljava/awt/Graphics;)V java.desktop@11.0.13 (409 bytes) @ 0x0000017110e7e8c4 [0x0000017110e7c2a0+0x0000000000002624]
J 1693 c1 java.awt.GraphicsCallback$PaintCallback.run(Ljava/awt/Component;Ljava/awt/Graphics;)V java.desktop@11.0.13 (6 bytes) @ 0x0000017110f84954 [0x0000017110f84840+0x0000000000000114]
J 1572 c1 sun.awt.SunGraphicsCallback.runOneComponent(Ljava/awt/Component;Ljava/awt/Rectangle;Ljava/awt/Graphics;Ljava/awt/Shape;I)V java.desktop@11.0.13 (177 bytes) @ 0x0000017110f2c284 [0x0000017110f2a780+0x0000000000001b04]
J 1690 c1 sun.awt.SunGraphicsCallback.runComponents([Ljava/awt/Component;Ljava/awt/Graphics;I)V java.desktop@11.0.13 (167 bytes) @ 0x0000017110f82c6c [0x0000017110f824a0+0x00000000000007cc]
J 1571 c1 java.awt.Container.paint(Ljava/awt/Graphics;)V java.desktop@11.0.13 (62 bytes) @ 0x0000017110f29d0c [0x0000017110f292e0+0x0000000000000a2c]
J 1570 c1 java.awt.Window.paint(Ljava/awt/Graphics;)V java.desktop@11.0.13 (72 bytes) @ 0x0000017110f288b4 [0x0000017110f27a40+0x0000000000000e74]
J 1674 c1 javax.swing.RepaintManager$4.run()Ljava/lang/Void; java.desktop@11.0.13 (277 bytes) @ 0x0000017110f76124 [0x0000017110f754a0+0x0000000000000c84]
J 1546 c1 javax.swing.RepaintManager$4.run()Ljava/lang/Object; java.desktop@11.0.13 (5 bytes) @ 0x0000017110f20344 [0x0000017110f202c0+0x0000000000000084]
v  ~StubRoutines::call_stub
J 898  java.security.AccessController.doPrivileged(Ljava/security/PrivilegedAction;Ljava/security/AccessControlContext;)Ljava/lang/Object; java.base@11.0.13 (0 bytes) @ 0x00000171181ec4b6 [0x00000171181ec440+0x0000000000000076]
J 1665 c1 javax.swing.RepaintManager.paintDirtyRegions(Ljava/util/Map;)V java.desktop@11.0.13 (196 bytes) @ 0x0000017110f6dbc4 [0x0000017110f6c900+0x00000000000012c4]
J 1664 c1 javax.swing.RepaintManager.paintDirtyRegions()V java.desktop@11.0.13 (50 bytes) @ 0x0000017110f71d34 [0x0000017110f71a60+0x00000000000002d4]
J 1663 c1 javax.swing.RepaintManager.prePaintDirtyRegions()V java.desktop@11.0.13 (91 bytes) @ 0x0000017110f6f8dc [0x0000017110f6f260+0x000000000000067c]
J 1534 c1 javax.swing.RepaintManager$ProcessingRunnable.run()V java.desktop@11.0.13 (41 bytes) @ 0x0000017110f133b4 [0x0000017110f13180+0x0000000000000234]
J 1527 c1 java.awt.event.InvocationEvent.dispatch()V java.desktop@11.0.13 (69 bytes) @ 0x0000017110f093cc [0x0000017110f091a0+0x000000000000022c]
J 1588 c1 java.awt.EventQueue.dispatchEventImpl(Ljava/awt/AWTEvent;Ljava/lang/Object;)V java.desktop@11.0.13 (136 bytes) @ 0x0000017110f3631c [0x0000017110f34940+0x00000000000019dc]
J 1587 c1 java.awt.EventQueue$4.run()Ljava/lang/Void; java.desktop@11.0.13 (60 bytes) @ 0x0000017110f34244 [0x0000017110f34100+0x0000000000000144]
J 1586 c1 java.awt.EventQueue$4.run()Ljava/lang/Object; java.desktop@11.0.13 (5 bytes) @ 0x0000017110f33dc4 [0x0000017110f33d40+0x0000000000000084]
v  ~StubRoutines::call_stub
J 898  java.security.AccessController.doPrivileged(Ljava/security/PrivilegedAction;Ljava/security/AccessControlContext;)Ljava/lang/Object; java.base@11.0.13 (0 bytes) @ 0x00000171181ec4b6 [0x00000171181ec440+0x0000000000000076]
J 1490 c1 java.awt.EventQueue.dispatchEvent(Ljava/awt/AWTEvent;)V java.desktop@11.0.13 (80 bytes) @ 0x0000017110ef2114 [0x0000017110ef19a0+0x0000000000000774]
J 1492 c1 java.awt.EventDispatchThread.pumpOneEventForFilters(I)V java.desktop@11.0.13 (113 bytes) @ 0x0000017110ef4e84 [0x0000017110ef4720+0x0000000000000764]
j  java.awt.EventDispatchThread.pumpEventsForFilter(ILjava/awt/Conditional;Ljava/awt/EventFilter;)V+35 java.desktop@11.0.13
j  java.awt.EventDispatchThread.pumpEventsForHierarchy(ILjava/awt/Conditional;Ljava/awt/Component;)V+11 java.desktop@11.0.13
j  java.awt.EventDispatchThread.pumpEvents(ILjava/awt/Conditional;)V+4 java.desktop@11.0.13
j  java.awt.EventDispatchThread.pumpEvents(Ljava/awt/Conditional;)V+3 java.desktop@11.0.13
j  java.awt.EventDispatchThread.run()V+9 java.desktop@11.0.13
v  ~StubRoutines::call_stub

siginfo: EXCEPTION_ACCESS_VIOLATION (0xc0000005), data execution prevention violation at address 0x00007fff0ba131a4


Register to memory mapping:

RIP=0x00007fff0ba131a4 is an unknown value
RAX=0x0 is NULL
RBX=0x0 is NULL
RCX=0x00007fff19d61d54 win32u.dll
RDX=0x0 is NULL
RSP=0x0000002ea84faae0 is pointing into the stack for thread: 0x000001713414a800
RBP=0x0000000000010001 is an unknown value
RSI=0x000001712ca4a4c0 points into unknown readable memory: 0x6e75735f00000001 | 01 00 00 00 5f 73 75 6e
RDI=0x0 is NULL
R8 =0x0000002ea84faad8 is pointing into the stack for thread: 0x000001713414a800
R9 =0x0 is NULL
R10=0x0 is NULL
R11=0x0000000000000246 is an unknown value
R12=0x0 is NULL
R13={method} {0x0000017136dbb548} 'initOps' '(III)V' in 'sun/java2d/d3d/D3DSurfaceData'
R14=0x0000002ea84fac50 is pointing into the stack for thread: 0x000001713414a800
R15=0x000001713414a800 is a thread


Registers:
RAX=0x0000000000000000, RBX=0x0000000000000000, RCX=0x00007fff19d61d54, RDX=0x0000000000000000
RSP=0x0000002ea84faae0, RBP=0x0000000000010001, RSI=0x000001712ca4a4c0, RDI=0x0000000000000000
R8 =0x0000002ea84faad8, R9 =0x0000000000000000, R10=0x0000000000000000, R11=0x0000000000000246
R12=0x0000000000000000, R13=0x0000017136dbb540, R14=0x0000002ea84fac50, R15=0x000001713414a800
RIP=0x00007fff0ba131a4, EFLAGS=0x0000000000010246

Top of Stack: (sp=0x0000002ea84faae0)
0x0000002ea84faae0:   0000000300000000 000001712ce4e0c0
0x0000002ea84faaf0:   000001712cbeadc0 00000171106c1100
0x0000002ea84fab00:   000001712ce4e118 0000000000010001
0x0000002ea84fab10:   000001712ce4e0c8 0000017100000000
0x0000002ea84fab20:   0000000000000001 00007ffefc8df27e
0x0000002ea84fab30:   0000000000000000 000001712cbeadc0
0x0000002ea84fab40:   0000002ea84fac50 000001713414ab48
0x0000002ea84fab50:   0000000000000000 00007ffefc8e3bf4
0x0000002ea84fab60:   00000171340061c0 0000000000000000
0x0000002ea84fab70:   0000000000000601 000001712c4f2dff
0x0000002ea84fab80:   0000000000000000 00000171106cf777
0x0000002ea84fab90:   0000017136dbb540 0000002ea84fac18
0x0000002ea84faba0:   0000000000000000 0000000000000000
0x0000002ea84fabb0:   0000002e00000481 0000002ea84fac30
0x0000002ea84fabc0:   00000171106ca527 0000000710839758
0x0000002ea84fabd0:   0000002ea84fabd0 0000000000000000 

Instructions: (pc=0x00007fff0ba131a4)
0x00007fff0ba130a4:   ?? ?? ?? ?? ?? ?? ?? ?? ?? ?? ?? ?? ?? ?? ?? ??
0x00007fff0ba130b4:   ?? ?? ?? ?? ?? ?? ?? ?? ?? ?? ?? ?? ?? ?? ?? ??
0x00007fff0ba130c4:   ?? ?? ?? ?? ?? ?? ?? ?? ?? ?? ?? ?? ?? ?? ?? ??
0x00007fff0ba130d4:   ?? ?? ?? ?? ?? ?? ?? ?? ?? ?? ?? ?? ?? ?? ?? ??
0x00007fff0ba130e4:   ?? ?? ?? ?? ?? ?? ?? ?? ?? ?? ?? ?? ?? ?? ?? ??
0x00007fff0ba130f4:   ?? ?? ?? ?? ?? ?? ?? ?? ?? ?? ?? ?? ?? ?? ?? ??
0x00007fff0ba13104:   ?? ?? ?? ?? ?? ?? ?? ?? ?? ?? ?? ?? ?? ?? ?? ??
0x00007fff0ba13114:   ?? ?? ?? ?? ?? ?? ?? ?? ?? ?? ?? ?? ?? ?? ?? ??
0x00007fff0ba13124:   ?? ?? ?? ?? ?? ?? ?? ?? ?? ?? ?? ?? ?? ?? ?? ??
0x00007fff0ba13134:   ?? ?? ?? ?? ?? ?? ?? ?? ?? ?? ?? ?? ?? ?? ?? ??
0x00007fff0ba13144:   ?? ?? ?? ?? ?? ?? ?? ?? ?? ?? ?? ?? ?? ?? ?? ??
0x00007fff0ba13154:   ?? ?? ?? ?? ?? ?? ?? ?? ?? ?? ?? ?? ?? ?? ?? ??
0x00007fff0ba13164:   ?? ?? ?? ?? ?? ?? ?? ?? ?? ?? ?? ?? ?? ?? ?? ??
0x00007fff0ba13174:   ?? ?? ?? ?? ?? ?? ?? ?? ?? ?? ?? ?? ?? ?? ?? ??
0x00007fff0ba13184:   ?? ?? ?? ?? ?? ?? ?? ?? ?? ?? ?? ?? ?? ?? ?? ??
0x00007fff0ba13194:   ?? ?? ?? ?? ?? ?? ?? ?? ?? ?? ?? ?? ?? ?? ?? ??
0x00007fff0ba131a4:   ?? ?? ?? ?? ?? ?? ?? ?? ?? ?? ?? ?? ?? ?? ?? ??
0x00007fff0ba131b4:   ?? ?? ?? ?? ?? ?? ?? ?? ?? ?? ?? ?? ?? ?? ?? ??
0x00007fff0ba131c4:   ?? ?? ?? ?? ?? ?? ?? ?? ?? ?? ?? ?? ?? ?? ?? ??
0x00007fff0ba131d4:   ?? ?? ?? ?? ?? ?? ?? ?? ?? ?? ?? ?? ?? ?? ?? ??
0x00007fff0ba131e4:   ?? ?? ?? ?? ?? ?? ?? ?? ?? ?? ?? ?? ?? ?? ?? ??
0x00007fff0ba131f4:   ?? ?? ?? ?? ?? ?? ?? ?? ?? ?? ?? ?? ?? ?? ?? ??
0x00007fff0ba13204:   ?? ?? ?? ?? ?? ?? ?? ?? ?? ?? ?? ?? ?? ?? ?? ??
0x00007fff0ba13214:   ?? ?? ?? ?? ?? ?? ?? ?? ?? ?? ?? ?? ?? ?? ?? ??
0x00007fff0ba13224:   ?? ?? ?? ?? ?? ?? ?? ?? ?? ?? ?? ?? ?? ?? ?? ??
0x00007fff0ba13234:   ?? ?? ?? ?? ?? ?? ?? ?? ?? ?? ?? ?? ?? ?? ?? ??
0x00007fff0ba13244:   ?? ?? ?? ?? ?? ?? ?? ?? ?? ?? ?? ?? ?? ?? ?? ??
0x00007fff0ba13254:   ?? ?? ?? ?? ?? ?? ?? ?? ?? ?? ?? ?? ?? ?? ?? ??
0x00007fff0ba13264:   ?? ?? ?? ?? ?? ?? ?? ?? ?? ?? ?? ?? ?? ?? ?? ??
0x00007fff0ba13274:   ?? ?? ?? ?? ?? ?? ?? ?? ?? ?? ?? ?? ?? ?? ?? ??
0x00007fff0ba13284:   ?? ?? ?? ?? ?? ?? ?? ?? ?? ?? ?? ?? ?? ?? ?? ??
0x00007fff0ba13294:   ?? ?? ?? ?? ?? ?? ?? ?? ?? ?? ?? ?? ?? ?? ?? ?? 


Stack slot to memory mapping:
stack at sp + 0 slots: 0x0000000300000000 is an unknown value
stack at sp + 1 slots: 0x000001712ce4e0c0 points into unknown readable memory: 0x00007fff0bb321f0 | f0 21 b3 0b ff 7f 00 00
stack at sp + 2 slots: 0x000001712cbeadc0 points into unknown readable memory: 0x000001712c7e3780 | 80 37 7e 2c 71 01 00 00
stack at sp + 3 slots: 0x00000171106c1100 is at begin+0 in a stub
StubRoutines::atomic_cmpxchg_long [0x00000171106c1100, 0x00000171106c1109[ (9 bytes)
stack at sp + 4 slots: 0x000001712ce4e118 points into unknown readable memory: 0x505349445c2e5c5c | 5c 5c 2e 5c 44 49 53 50
stack at sp + 5 slots: 0x0000000000010001 is an unknown value
stack at sp + 6 slots: 0x000001712ce4e0c8 points into unknown readable memory: 0x0000000000000000 | 00 00 00 00 00 00 00 00
stack at sp + 7 slots: 0x0000017100000000 is an unknown value


---------------  P R O C E S S  ---------------

Threads class SMR info:
_java_thread_list=0x0000017133f35620, length=17, elements={
0x000001712bcf9000, 0x000001712bcfa800, 0x000001712c5f0800, 0x000001712c5f1800,
0x000001712c5f4000, 0x000001712c5f5800, 0x000001712c5f8800, 0x000001712c5fc000,
0x000001712c6cf800, 0x000001712ca52800, 0x000001712cc8a000, 0x000001712cc8e000,
0x000001712cc0c000, 0x000001713414a800, 0x0000017107f9c000, 0x0000017134400800,
0x00000171343fc800
}

Java Threads: ( => current thread )
  0x000001712bcf9000 JavaThread "Reference Handler" daemon [_thread_blocked, id=16648, stack(0x0000002ea7000000,0x0000002ea7100000)]
  0x000001712bcfa800 JavaThread "Finalizer" daemon [_thread_blocked, id=1680, stack(0x0000002ea7100000,0x0000002ea7200000)]
  0x000001712c5f0800 JavaThread "Signal Dispatcher" daemon [_thread_blocked, id=11596, stack(0x0000002ea7200000,0x0000002ea7300000)]
  0x000001712c5f1800 JavaThread "Attach Listener" daemon [_thread_blocked, id=24208, stack(0x0000002ea7300000,0x0000002ea7400000)]
  0x000001712c5f4000 JavaThread "Service Thread" daemon [_thread_blocked, id=8572, stack(0x0000002ea7400000,0x0000002ea7500000)]
  0x000001712c5f5800 JavaThread "C2 CompilerThread0" daemon [_thread_blocked, id=14440, stack(0x0000002ea7500000,0x0000002ea7600000)]
  0x000001712c5f8800 JavaThread "C1 CompilerThread0" daemon [_thread_blocked, id=11440, stack(0x0000002ea7600000,0x0000002ea7700000)]
  0x000001712c5fc000 JavaThread "Sweeper thread" daemon [_thread_blocked, id=1104, stack(0x0000002ea7700000,0x0000002ea7800000)]
  0x000001712c6cf800 JavaThread "Common-Cleaner" daemon [_thread_blocked, id=22260, stack(0x0000002ea7800000,0x0000002ea7900000)]
  0x000001712ca52800 JavaThread "Monitor Ctrl-Break" daemon [_thread_in_native, id=14760, stack(0x0000002ea7a00000,0x0000002ea7b00000)]
  0x000001712cc8a000 JavaThread "Java2D Disposer" daemon [_thread_blocked, id=4340, stack(0x0000002ea7c00000,0x0000002ea7d00000)]
  0x000001712cc8e000 JavaThread "AWT-Shutdown" [_thread_blocked, id=23508, stack(0x0000002ea7d00000,0x0000002ea7e00000)]
  0x000001712cc0c000 JavaThread "Thread-0" [_thread_blocked, id=24424, stack(0x0000002ea8300000,0x0000002ea8400000)]
=>0x000001713414a800 JavaThread "AWT-EventQueue-0" [_thread_in_native, id=9148, stack(0x0000002ea8400000,0x0000002ea8500000)]
  0x0000017107f9c000 JavaThread "DestroyJavaVM" [_thread_blocked, id=8740, stack(0x0000002ea6900000,0x0000002ea6a00000)]
  0x0000017134400800 JavaThread "SIGINT handler" daemon [_thread_blocked, id=2696, stack(0x0000002ea8610000,0x0000002ea8710000)]
  0x00000171343fc800 JavaThread "ToolkitShutdown" daemon [_thread_in_native, id=14068, stack(0x0000002ea8c10000,0x0000002ea8d10000)]

Other Threads:
  0x000001712bce6800 VMThread "VM Thread" [stack: 0x0000002ea6f00000,0x0000002ea7000000] [id=4828]
  0x000001712ca53800 WatcherThread [stack: 0x0000002ea7b00000,0x0000002ea7c00000] [id=11816]
  0x0000017107fb5800 GCTaskThread "GC Thread#0" [stack: 0x0000002ea6a00000,0x0000002ea6b00000] [id=5088]
  0x0000017133c6f800 GCTaskThread "GC Thread#1" [stack: 0x0000002ea8100000,0x0000002ea8200000] [id=15248]
  0x0000017133c4c800 GCTaskThread "GC Thread#2" [stack: 0x0000002ea8200000,0x0000002ea8300000] [id=1480]
  0x000001712c824000 GCTaskThread "GC Thread#3" [stack: 0x0000002ea8710000,0x0000002ea8810000] [id=16512]
  0x0000017133d5c800 GCTaskThread "GC Thread#4" [stack: 0x0000002ea8810000,0x0000002ea8910000] [id=22560]
  0x000001713419a000 GCTaskThread "GC Thread#5" [stack: 0x0000002ea8910000,0x0000002ea8a10000] [id=2708]
  0x000001713419b000 GCTaskThread "GC Thread#6" [stack: 0x0000002ea8a10000,0x0000002ea8b10000] [id=14744]
  0x000001713419b800 GCTaskThread "GC Thread#7" [stack: 0x0000002ea8b10000,0x0000002ea8c10000] [id=22540]
  0x0000017108014000 ConcurrentGCThread "G1 Main Marker" [stack: 0x0000002ea6b00000,0x0000002ea6c00000] [id=5576]
  0x0000017108018000 ConcurrentGCThread "G1 Conc#0" [stack: 0x0000002ea6c00000,0x0000002ea6d00000] [id=24368]
  0x000001712bbcf800 ConcurrentGCThread "G1 Refine#0" [stack: 0x0000002ea6d00000,0x0000002ea6e00000] [id=300]
  0x000001712bbd3800 ConcurrentGCThread "G1 Young RemSet Sampling" [stack: 0x0000002ea6e00000,0x0000002ea6f00000] [id=14776]

Threads with active compile tasks:

VM state:not at safepoint (normal execution)

VM Mutex/Monitor currently owned by a thread: None

Heap address: 0x0000000701200000, size: 4078 MB, Compressed Oops mode: Zero based, Oop shift amount: 3
Narrow klass base: 0x0000000800000000, Narrow klass shift: 0
Compressed class space size: 1073741824 Address: 0x0000000800000000

Heap:
 garbage-first heap   total 262144K, used 13674K [0x0000000701200000, 0x0000000800000000)
  region size 1024K, 14 young (14336K), 3 survivors (3072K)
 Metaspace       used 15906K, capacity 16340K, committed 16384K, reserved 1064960K
  class space    used 1584K, capacity 1778K, committed 1792K, reserved 1048576K
Heap Regions: E=young(eden), S=young(survivor), O=old, HS=humongous(starts), HC=humongous(continues), CS=collection set, F=free, A=archive, TAMS=top-at-mark-start (previous, next)
|   0|0x0000000701200000, 0x000000070125a800, 0x0000000701300000| 35%| O|  |TAMS 0x0000000701200000, 0x0000000701200000| Untracked 
|   1|0x0000000701300000, 0x0000000701300000, 0x0000000701400000|  0%| F|  |TAMS 0x0000000701300000, 0x0000000701300000| Untracked 
|   2|0x0000000701400000, 0x0000000701400000, 0x0000000701500000|  0%| F|  |TAMS 0x0000000701400000, 0x0000000701400000| Untracked 
|   3|0x0000000701500000, 0x0000000701500000, 0x0000000701600000|  0%| F|  |TAMS 0x0000000701500000, 0x0000000701500000| Untracked 
|   4|0x0000000701600000, 0x0000000701600000, 0x0000000701700000|  0%| F|  |TAMS 0x0000000701600000, 0x0000000701600000| Untracked 
|   5|0x0000000701700000, 0x0000000701700000, 0x0000000701800000|  0%| F|  |TAMS 0x0000000701700000, 0x0000000701700000| Untracked 
|   6|0x0000000701800000, 0x0000000701800000, 0x0000000701900000|  0%| F|  |TAMS 0x0000000701800000, 0x0000000701800000| Untracked 
|   7|0x0000000701900000, 0x0000000701900000, 0x0000000701a00000|  0%| F|  |TAMS 0x0000000701900000, 0x0000000701900000| Untracked 
|   8|0x0000000701a00000, 0x0000000701a00000, 0x0000000701b00000|  0%| F|  |TAMS 0x0000000701a00000, 0x0000000701a00000| Untracked 
|   9|0x0000000701b00000, 0x0000000701b00000, 0x0000000701c00000|  0%| F|  |TAMS 0x0000000701b00000, 0x0000000701b00000| Untracked 
|  10|0x0000000701c00000, 0x0000000701c00000, 0x0000000701d00000|  0%| F|  |TAMS 0x0000000701c00000, 0x0000000701c00000| Untracked 
|  11|0x0000000701d00000, 0x0000000701d00000, 0x0000000701e00000|  0%| F|  |TAMS 0x0000000701d00000, 0x0000000701d00000| Untracked 
|  12|0x0000000701e00000, 0x0000000701e00000, 0x0000000701f00000|  0%| F|  |TAMS 0x0000000701e00000, 0x0000000701e00000| Untracked 
|  13|0x0000000701f00000, 0x0000000701f00000, 0x0000000702000000|  0%| F|  |TAMS 0x0000000701f00000, 0x0000000701f00000| Untracked 
|  14|0x0000000702000000, 0x0000000702000000, 0x0000000702100000|  0%| F|  |TAMS 0x0000000702000000, 0x0000000702000000| Untracked 
|  15|0x0000000702100000, 0x0000000702100000, 0x0000000702200000|  0%| F|  |TAMS 0x0000000702100000, 0x0000000702100000| Untracked 
|  16|0x0000000702200000, 0x0000000702200000, 0x0000000702300000|  0%| F|  |TAMS 0x0000000702200000, 0x0000000702200000| Untracked 
|  17|0x0000000702300000, 0x0000000702300000, 0x0000000702400000|  0%| F|  |TAMS 0x0000000702300000, 0x0000000702300000| Untracked 
|  18|0x0000000702400000, 0x0000000702400000, 0x0000000702500000|  0%| F|  |TAMS 0x0000000702400000, 0x0000000702400000| Untracked 
|  19|0x0000000702500000, 0x0000000702500000, 0x0000000702600000|  0%| F|  |TAMS 0x0000000702500000, 0x0000000702500000| Untracked 
|  20|0x0000000702600000, 0x0000000702600000, 0x0000000702700000|  0%| F|  |TAMS 0x0000000702600000, 0x0000000702600000| Untracked 
|  21|0x0000000702700000, 0x0000000702700000, 0x0000000702800000|  0%| F|  |TAMS 0x0000000702700000, 0x0000000702700000| Untracked 
|  22|0x0000000702800000, 0x0000000702800000, 0x0000000702900000|  0%| F|  |TAMS 0x0000000702800000, 0x0000000702800000| Untracked 
|  23|0x0000000702900000, 0x0000000702900000, 0x0000000702a00000|  0%| F|  |TAMS 0x0000000702900000, 0x0000000702900000| Untracked 
|  24|0x0000000702a00000, 0x0000000702a00000, 0x0000000702b00000|  0%| F|  |TAMS 0x0000000702a00000, 0x0000000702a00000| Untracked 
|  25|0x0000000702b00000, 0x0000000702b00000, 0x0000000702c00000|  0%| F|  |TAMS 0x0000000702b00000, 0x0000000702b00000| Untracked 
|  26|0x0000000702c00000, 0x0000000702c00000, 0x0000000702d00000|  0%| F|  |TAMS 0x0000000702c00000, 0x0000000702c00000| Untracked 
|  27|0x0000000702d00000, 0x0000000702d00000, 0x0000000702e00000|  0%| F|  |TAMS 0x0000000702d00000, 0x0000000702d00000| Untracked 
|  28|0x0000000702e00000, 0x0000000702e00000, 0x0000000702f00000|  0%| F|  |TAMS 0x0000000702e00000, 0x0000000702e00000| Untracked 
|  29|0x0000000702f00000, 0x0000000702f00000, 0x0000000703000000|  0%| F|  |TAMS 0x0000000702f00000, 0x0000000702f00000| Untracked 
|  30|0x0000000703000000, 0x0000000703000000, 0x0000000703100000|  0%| F|  |TAMS 0x0000000703000000, 0x0000000703000000| Untracked 
|  31|0x0000000703100000, 0x0000000703100000, 0x0000000703200000|  0%| F|  |TAMS 0x0000000703100000, 0x0000000703100000| Untracked 
|  32|0x0000000703200000, 0x0000000703200000, 0x0000000703300000|  0%| F|  |TAMS 0x0000000703200000, 0x0000000703200000| Untracked 
|  33|0x0000000703300000, 0x0000000703300000, 0x0000000703400000|  0%| F|  |TAMS 0x0000000703300000, 0x0000000703300000| Untracked 
|  34|0x0000000703400000, 0x0000000703400000, 0x0000000703500000|  0%| F|  |TAMS 0x0000000703400000, 0x0000000703400000| Untracked 
|  35|0x0000000703500000, 0x0000000703500000, 0x0000000703600000|  0%| F|  |TAMS 0x0000000703500000, 0x0000000703500000| Untracked 
|  36|0x0000000703600000, 0x0000000703600000, 0x0000000703700000|  0%| F|  |TAMS 0x0000000703600000, 0x0000000703600000| Untracked 
|  37|0x0000000703700000, 0x0000000703700000, 0x0000000703800000|  0%| F|  |TAMS 0x0000000703700000, 0x0000000703700000| Untracked 
|  38|0x0000000703800000, 0x0000000703800000, 0x0000000703900000|  0%| F|  |TAMS 0x0000000703800000, 0x0000000703800000| Untracked 
|  39|0x0000000703900000, 0x0000000703900000, 0x0000000703a00000|  0%| F|  |TAMS 0x0000000703900000, 0x0000000703900000| Untracked 
|  40|0x0000000703a00000, 0x0000000703a00000, 0x0000000703b00000|  0%| F|  |TAMS 0x0000000703a00000, 0x0000000703a00000| Untracked 
|  41|0x0000000703b00000, 0x0000000703b00000, 0x0000000703c00000|  0%| F|  |TAMS 0x0000000703b00000, 0x0000000703b00000| Untracked 
|  42|0x0000000703c00000, 0x0000000703c00000, 0x0000000703d00000|  0%| F|  |TAMS 0x0000000703c00000, 0x0000000703c00000| Untracked 
|  43|0x0000000703d00000, 0x0000000703d00000, 0x0000000703e00000|  0%| F|  |TAMS 0x0000000703d00000, 0x0000000703d00000| Untracked 
|  44|0x0000000703e00000, 0x0000000703e00000, 0x0000000703f00000|  0%| F|  |TAMS 0x0000000703e00000, 0x0000000703e00000| Untracked 
|  45|0x0000000703f00000, 0x0000000703f00000, 0x0000000704000000|  0%| F|  |TAMS 0x0000000703f00000, 0x0000000703f00000| Untracked 
|  46|0x0000000704000000, 0x0000000704000000, 0x0000000704100000|  0%| F|  |TAMS 0x0000000704000000, 0x0000000704000000| Untracked 
|  47|0x0000000704100000, 0x0000000704100000, 0x0000000704200000|  0%| F|  |TAMS 0x0000000704100000, 0x0000000704100000| Untracked 
|  48|0x0000000704200000, 0x0000000704200000, 0x0000000704300000|  0%| F|  |TAMS 0x0000000704200000, 0x0000000704200000| Untracked 
|  49|0x0000000704300000, 0x0000000704300000, 0x0000000704400000|  0%| F|  |TAMS 0x0000000704300000, 0x0000000704300000| Untracked 
|  50|0x0000000704400000, 0x0000000704400000, 0x0000000704500000|  0%| F|  |TAMS 0x0000000704400000, 0x0000000704400000| Untracked 
|  51|0x0000000704500000, 0x0000000704500000, 0x0000000704600000|  0%| F|  |TAMS 0x0000000704500000, 0x0000000704500000| Untracked 
|  52|0x0000000704600000, 0x0000000704600000, 0x0000000704700000|  0%| F|  |TAMS 0x0000000704600000, 0x0000000704600000| Untracked 
|  53|0x0000000704700000, 0x0000000704700000, 0x0000000704800000|  0%| F|  |TAMS 0x0000000704700000, 0x0000000704700000| Untracked 
|  54|0x0000000704800000, 0x0000000704800000, 0x0000000704900000|  0%| F|  |TAMS 0x0000000704800000, 0x0000000704800000| Untracked 
|  55|0x0000000704900000, 0x0000000704900000, 0x0000000704a00000|  0%| F|  |TAMS 0x0000000704900000, 0x0000000704900000| Untracked 
|  56|0x0000000704a00000, 0x0000000704a00000, 0x0000000704b00000|  0%| F|  |TAMS 0x0000000704a00000, 0x0000000704a00000| Untracked 
|  57|0x0000000704b00000, 0x0000000704b00000, 0x0000000704c00000|  0%| F|  |TAMS 0x0000000704b00000, 0x0000000704b00000| Untracked 
|  58|0x0000000704c00000, 0x0000000704c00000, 0x0000000704d00000|  0%| F|  |TAMS 0x0000000704c00000, 0x0000000704c00000| Untracked 
|  59|0x0000000704d00000, 0x0000000704d00000, 0x0000000704e00000|  0%| F|  |TAMS 0x0000000704d00000, 0x0000000704d00000| Untracked 
|  60|0x0000000704e00000, 0x0000000704e00000, 0x0000000704f00000|  0%| F|  |TAMS 0x0000000704e00000, 0x0000000704e00000| Untracked 
|  61|0x0000000704f00000, 0x0000000704f00000, 0x0000000705000000|  0%| F|  |TAMS 0x0000000704f00000, 0x0000000704f00000| Untracked 
|  62|0x0000000705000000, 0x0000000705000000, 0x0000000705100000|  0%| F|  |TAMS 0x0000000705000000, 0x0000000705000000| Untracked 
|  63|0x0000000705100000, 0x0000000705100000, 0x0000000705200000|  0%| F|  |TAMS 0x0000000705100000, 0x0000000705100000| Untracked 
|  64|0x0000000705200000, 0x0000000705200000, 0x0000000705300000|  0%| F|  |TAMS 0x0000000705200000, 0x0000000705200000| Untracked 
|  65|0x0000000705300000, 0x0000000705300000, 0x0000000705400000|  0%| F|  |TAMS 0x0000000705300000, 0x0000000705300000| Untracked 
|  66|0x0000000705400000, 0x0000000705400000, 0x0000000705500000|  0%| F|  |TAMS 0x0000000705400000, 0x0000000705400000| Untracked 
|  67|0x0000000705500000, 0x0000000705500000, 0x0000000705600000|  0%| F|  |TAMS 0x0000000705500000, 0x0000000705500000| Untracked 
|  68|0x0000000705600000, 0x0000000705600000, 0x0000000705700000|  0%| F|  |TAMS 0x0000000705600000, 0x0000000705600000| Untracked 
|  69|0x0000000705700000, 0x0000000705700000, 0x0000000705800000|  0%| F|  |TAMS 0x0000000705700000, 0x0000000705700000| Untracked 
|  70|0x0000000705800000, 0x0000000705800000, 0x0000000705900000|  0%| F|  |TAMS 0x0000000705800000, 0x0000000705800000| Untracked 
|  71|0x0000000705900000, 0x0000000705900000, 0x0000000705a00000|  0%| F|  |TAMS 0x0000000705900000, 0x0000000705900000| Untracked 
|  72|0x0000000705a00000, 0x0000000705a00000, 0x0000000705b00000|  0%| F|  |TAMS 0x0000000705a00000, 0x0000000705a00000| Untracked 
|  73|0x0000000705b00000, 0x0000000705b00000, 0x0000000705c00000|  0%| F|  |TAMS 0x0000000705b00000, 0x0000000705b00000| Untracked 
|  74|0x0000000705c00000, 0x0000000705c00000, 0x0000000705d00000|  0%| F|  |TAMS 0x0000000705c00000, 0x0000000705c00000| Untracked 
|  75|0x0000000705d00000, 0x0000000705d00000, 0x0000000705e00000|  0%| F|  |TAMS 0x0000000705d00000, 0x0000000705d00000| Untracked 
|  76|0x0000000705e00000, 0x0000000705e00000, 0x0000000705f00000|  0%| F|  |TAMS 0x0000000705e00000, 0x0000000705e00000| Untracked 
|  77|0x0000000705f00000, 0x0000000705f00000, 0x0000000706000000|  0%| F|  |TAMS 0x0000000705f00000, 0x0000000705f00000| Untracked 
|  78|0x0000000706000000, 0x0000000706000000, 0x0000000706100000|  0%| F|  |TAMS 0x0000000706000000, 0x0000000706000000| Untracked 
|  79|0x0000000706100000, 0x0000000706100000, 0x0000000706200000|  0%| F|  |TAMS 0x0000000706100000, 0x0000000706100000| Untracked 
|  80|0x0000000706200000, 0x0000000706200000, 0x0000000706300000|  0%| F|  |TAMS 0x0000000706200000, 0x0000000706200000| Untracked 
|  81|0x0000000706300000, 0x0000000706300000, 0x0000000706400000|  0%| F|  |TAMS 0x0000000706300000, 0x0000000706300000| Untracked 
|  82|0x0000000706400000, 0x0000000706400000, 0x0000000706500000|  0%| F|  |TAMS 0x0000000706400000, 0x0000000706400000| Untracked 
|  83|0x0000000706500000, 0x0000000706500000, 0x0000000706600000|  0%| F|  |TAMS 0x0000000706500000, 0x0000000706500000| Untracked 
|  84|0x0000000706600000, 0x0000000706600000, 0x0000000706700000|  0%| F|  |TAMS 0x0000000706600000, 0x0000000706600000| Untracked 
|  85|0x0000000706700000, 0x0000000706700000, 0x0000000706800000|  0%| F|  |TAMS 0x0000000706700000, 0x0000000706700000| Untracked 
|  86|0x0000000706800000, 0x0000000706800000, 0x0000000706900000|  0%| F|  |TAMS 0x0000000706800000, 0x0000000706800000| Untracked 
|  87|0x0000000706900000, 0x0000000706900000, 0x0000000706a00000|  0%| F|  |TAMS 0x0000000706900000, 0x0000000706900000| Untracked 
|  88|0x0000000706a00000, 0x0000000706a00000, 0x0000000706b00000|  0%| F|  |TAMS 0x0000000706a00000, 0x0000000706a00000| Untracked 
|  89|0x0000000706b00000, 0x0000000706b00000, 0x0000000706c00000|  0%| F|  |TAMS 0x0000000706b00000, 0x0000000706b00000| Untracked 
|  90|0x0000000706c00000, 0x0000000706c00000, 0x0000000706d00000|  0%| F|  |TAMS 0x0000000706c00000, 0x0000000706c00000| Untracked 
|  91|0x0000000706d00000, 0x0000000706d00000, 0x0000000706e00000|  0%| F|  |TAMS 0x0000000706d00000, 0x0000000706d00000| Untracked 
|  92|0x0000000706e00000, 0x0000000706e00000, 0x0000000706f00000|  0%| F|  |TAMS 0x0000000706e00000, 0x0000000706e00000| Untracked 
|  93|0x0000000706f00000, 0x0000000706f00000, 0x0000000707000000|  0%| F|  |TAMS 0x0000000706f00000, 0x0000000706f00000| Untracked 
|  94|0x0000000707000000, 0x0000000707000000, 0x0000000707100000|  0%| F|  |TAMS 0x0000000707000000, 0x0000000707000000| Untracked 
|  95|0x0000000707100000, 0x0000000707100000, 0x0000000707200000|  0%| F|  |TAMS 0x0000000707100000, 0x0000000707100000| Untracked 
|  96|0x0000000707200000, 0x0000000707200000, 0x0000000707300000|  0%| F|  |TAMS 0x0000000707200000, 0x0000000707200000| Untracked 
|  97|0x0000000707300000, 0x0000000707300000, 0x0000000707400000|  0%| F|  |TAMS 0x0000000707300000, 0x0000000707300000| Untracked 
|  98|0x0000000707400000, 0x0000000707400000, 0x0000000707500000|  0%| F|  |TAMS 0x0000000707400000, 0x0000000707400000| Untracked 
|  99|0x0000000707500000, 0x0000000707500000, 0x0000000707600000|  0%| F|  |TAMS 0x0000000707500000, 0x0000000707500000| Untracked 
| 100|0x0000000707600000, 0x0000000707600000, 0x0000000707700000|  0%| F|  |TAMS 0x0000000707600000, 0x0000000707600000| Untracked 
| 101|0x0000000707700000, 0x0000000707700000, 0x0000000707800000|  0%| F|  |TAMS 0x0000000707700000, 0x0000000707700000| Untracked 
| 102|0x0000000707800000, 0x0000000707800000, 0x0000000707900000|  0%| F|  |TAMS 0x0000000707800000, 0x0000000707800000| Untracked 
| 103|0x0000000707900000, 0x0000000707900000, 0x0000000707a00000|  0%| F|  |TAMS 0x0000000707900000, 0x0000000707900000| Untracked 
| 104|0x0000000707a00000, 0x0000000707a00000, 0x0000000707b00000|  0%| F|  |TAMS 0x0000000707a00000, 0x0000000707a00000| Untracked 
| 105|0x0000000707b00000, 0x0000000707b00000, 0x0000000707c00000|  0%| F|  |TAMS 0x0000000707b00000, 0x0000000707b00000| Untracked 
| 106|0x0000000707c00000, 0x0000000707c00000, 0x0000000707d00000|  0%| F|  |TAMS 0x0000000707c00000, 0x0000000707c00000| Untracked 
| 107|0x0000000707d00000, 0x0000000707d00000, 0x0000000707e00000|  0%| F|  |TAMS 0x0000000707d00000, 0x0000000707d00000| Untracked 
| 108|0x0000000707e00000, 0x0000000707e00000, 0x0000000707f00000|  0%| F|  |TAMS 0x0000000707e00000, 0x0000000707e00000| Untracked 
| 109|0x0000000707f00000, 0x0000000707f00000, 0x0000000708000000|  0%| F|  |TAMS 0x0000000707f00000, 0x0000000707f00000| Untracked 
| 110|0x0000000708000000, 0x0000000708000000, 0x0000000708100000|  0%| F|  |TAMS 0x0000000708000000, 0x0000000708000000| Untracked 
| 111|0x0000000708100000, 0x0000000708100000, 0x0000000708200000|  0%| F|  |TAMS 0x0000000708100000, 0x0000000708100000| Untracked 
| 112|0x0000000708200000, 0x0000000708200000, 0x0000000708300000|  0%| F|  |TAMS 0x0000000708200000, 0x0000000708200000| Untracked 
| 113|0x0000000708300000, 0x0000000708300000, 0x0000000708400000|  0%| F|  |TAMS 0x0000000708300000, 0x0000000708300000| Untracked 
| 114|0x0000000708400000, 0x0000000708400000, 0x0000000708500000|  0%| F|  |TAMS 0x0000000708400000, 0x0000000708400000| Untracked 
| 115|0x0000000708500000, 0x0000000708500000, 0x0000000708600000|  0%| F|  |TAMS 0x0000000708500000, 0x0000000708500000| Untracked 
| 116|0x0000000708600000, 0x0000000708600000, 0x0000000708700000|  0%| F|  |TAMS 0x0000000708600000, 0x0000000708600000| Untracked 
| 117|0x0000000708700000, 0x0000000708700000, 0x0000000708800000|  0%| F|  |TAMS 0x0000000708700000, 0x0000000708700000| Untracked 
| 118|0x0000000708800000, 0x0000000708800000, 0x0000000708900000|  0%| F|  |TAMS 0x0000000708800000, 0x0000000708800000| Untracked 
| 119|0x0000000708900000, 0x0000000708900000, 0x0000000708a00000|  0%| F|  |TAMS 0x0000000708900000, 0x0000000708900000| Untracked 
| 120|0x0000000708a00000, 0x0000000708a00000, 0x0000000708b00000|  0%| F|  |TAMS 0x0000000708a00000, 0x0000000708a00000| Untracked 
| 121|0x0000000708b00000, 0x0000000708b00000, 0x0000000708c00000|  0%| F|  |TAMS 0x0000000708b00000, 0x0000000708b00000| Untracked 
| 122|0x0000000708c00000, 0x0000000708c00000, 0x0000000708d00000|  0%| F|  |TAMS 0x0000000708c00000, 0x0000000708c00000| Untracked 
| 123|0x0000000708d00000, 0x0000000708d00000, 0x0000000708e00000|  0%| F|  |TAMS 0x0000000708d00000, 0x0000000708d00000| Untracked 
| 124|0x0000000708e00000, 0x0000000708e00000, 0x0000000708f00000|  0%| F|  |TAMS 0x0000000708e00000, 0x0000000708e00000| Untracked 
| 125|0x0000000708f00000, 0x0000000708f00000, 0x0000000709000000|  0%| F|  |TAMS 0x0000000708f00000, 0x0000000708f00000| Untracked 
| 126|0x0000000709000000, 0x0000000709000000, 0x0000000709100000|  0%| F|  |TAMS 0x0000000709000000, 0x0000000709000000| Untracked 
| 127|0x0000000709100000, 0x0000000709100000, 0x0000000709200000|  0%| F|  |TAMS 0x0000000709100000, 0x0000000709100000| Untracked 
| 128|0x0000000709200000, 0x0000000709200000, 0x0000000709300000|  0%| F|  |TAMS 0x0000000709200000, 0x0000000709200000| Untracked 
| 129|0x0000000709300000, 0x0000000709300000, 0x0000000709400000|  0%| F|  |TAMS 0x0000000709300000, 0x0000000709300000| Untracked 
| 130|0x0000000709400000, 0x0000000709400000, 0x0000000709500000|  0%| F|  |TAMS 0x0000000709400000, 0x0000000709400000| Untracked 
| 131|0x0000000709500000, 0x0000000709500000, 0x0000000709600000|  0%| F|  |TAMS 0x0000000709500000, 0x0000000709500000| Untracked 
| 132|0x0000000709600000, 0x0000000709600000, 0x0000000709700000|  0%| F|  |TAMS 0x0000000709600000, 0x0000000709600000| Untracked 
| 133|0x0000000709700000, 0x0000000709700000, 0x0000000709800000|  0%| F|  |TAMS 0x0000000709700000, 0x0000000709700000| Untracked 
| 134|0x0000000709800000, 0x0000000709800000, 0x0000000709900000|  0%| F|  |TAMS 0x0000000709800000, 0x0000000709800000| Untracked 
| 135|0x0000000709900000, 0x0000000709900000, 0x0000000709a00000|  0%| F|  |TAMS 0x0000000709900000, 0x0000000709900000| Untracked 
| 136|0x0000000709a00000, 0x0000000709a00000, 0x0000000709b00000|  0%| F|  |TAMS 0x0000000709a00000, 0x0000000709a00000| Untracked 
| 137|0x0000000709b00000, 0x0000000709b00000, 0x0000000709c00000|  0%| F|  |TAMS 0x0000000709b00000, 0x0000000709b00000| Untracked 
| 138|0x0000000709c00000, 0x0000000709c00000, 0x0000000709d00000|  0%| F|  |TAMS 0x0000000709c00000, 0x0000000709c00000| Untracked 
| 139|0x0000000709d00000, 0x0000000709d00000, 0x0000000709e00000|  0%| F|  |TAMS 0x0000000709d00000, 0x0000000709d00000| Untracked 
| 140|0x0000000709e00000, 0x0000000709e00000, 0x0000000709f00000|  0%| F|  |TAMS 0x0000000709e00000, 0x0000000709e00000| Untracked 
| 141|0x0000000709f00000, 0x0000000709f00000, 0x000000070a000000|  0%| F|  |TAMS 0x0000000709f00000, 0x0000000709f00000| Untracked 
| 142|0x000000070a000000, 0x000000070a000000, 0x000000070a100000|  0%| F|  |TAMS 0x000000070a000000, 0x000000070a000000| Untracked 
| 143|0x000000070a100000, 0x000000070a100000, 0x000000070a200000|  0%| F|  |TAMS 0x000000070a100000, 0x000000070a100000| Untracked 
| 144|0x000000070a200000, 0x000000070a200000, 0x000000070a300000|  0%| F|  |TAMS 0x000000070a200000, 0x000000070a200000| Untracked 
| 145|0x000000070a300000, 0x000000070a300000, 0x000000070a400000|  0%| F|  |TAMS 0x000000070a300000, 0x000000070a300000| Untracked 
| 146|0x000000070a400000, 0x000000070a400000, 0x000000070a500000|  0%| F|  |TAMS 0x000000070a400000, 0x000000070a400000| Untracked 
| 147|0x000000070a500000, 0x000000070a500000, 0x000000070a600000|  0%| F|  |TAMS 0x000000070a500000, 0x000000070a500000| Untracked 
| 148|0x000000070a600000, 0x000000070a600000, 0x000000070a700000|  0%| F|  |TAMS 0x000000070a600000, 0x000000070a600000| Untracked 
| 149|0x000000070a700000, 0x000000070a700000, 0x000000070a800000|  0%| F|  |TAMS 0x000000070a700000, 0x000000070a700000| Untracked 
| 150|0x000000070a800000, 0x000000070a800000, 0x000000070a900000|  0%| F|  |TAMS 0x000000070a800000, 0x000000070a800000| Untracked 
| 151|0x000000070a900000, 0x000000070a900000, 0x000000070aa00000|  0%| F|  |TAMS 0x000000070a900000, 0x000000070a900000| Untracked 
| 152|0x000000070aa00000, 0x000000070aa00000, 0x000000070ab00000|  0%| F|  |TAMS 0x000000070aa00000, 0x000000070aa00000| Untracked 
| 153|0x000000070ab00000, 0x000000070ab00000, 0x000000070ac00000|  0%| F|  |TAMS 0x000000070ab00000, 0x000000070ab00000| Untracked 
| 154|0x000000070ac00000, 0x000000070ac00000, 0x000000070ad00000|  0%| F|  |TAMS 0x000000070ac00000, 0x000000070ac00000| Untracked 
| 155|0x000000070ad00000, 0x000000070ad00000, 0x000000070ae00000|  0%| F|  |TAMS 0x000000070ad00000, 0x000000070ad00000| Untracked 
| 156|0x000000070ae00000, 0x000000070ae00000, 0x000000070af00000|  0%| F|  |TAMS 0x000000070ae00000, 0x000000070ae00000| Untracked 
| 157|0x000000070af00000, 0x000000070af00000, 0x000000070b000000|  0%| F|  |TAMS 0x000000070af00000, 0x000000070af00000| Untracked 
| 158|0x000000070b000000, 0x000000070b000000, 0x000000070b100000|  0%| F|  |TAMS 0x000000070b000000, 0x000000070b000000| Untracked 
| 159|0x000000070b100000, 0x000000070b100000, 0x000000070b200000|  0%| F|  |TAMS 0x000000070b100000, 0x000000070b100000| Untracked 
| 160|0x000000070b200000, 0x000000070b200000, 0x000000070b300000|  0%| F|  |TAMS 0x000000070b200000, 0x000000070b200000| Untracked 
| 161|0x000000070b300000, 0x000000070b300000, 0x000000070b400000|  0%| F|  |TAMS 0x000000070b300000, 0x000000070b300000| Untracked 
| 162|0x000000070b400000, 0x000000070b400000, 0x000000070b500000|  0%| F|  |TAMS 0x000000070b400000, 0x000000070b400000| Untracked 
| 163|0x000000070b500000, 0x000000070b500000, 0x000000070b600000|  0%| F|  |TAMS 0x000000070b500000, 0x000000070b500000| Untracked 
| 164|0x000000070b600000, 0x000000070b600000, 0x000000070b700000|  0%| F|  |TAMS 0x000000070b600000, 0x000000070b600000| Untracked 
| 165|0x000000070b700000, 0x000000070b700000, 0x000000070b800000|  0%| F|  |TAMS 0x000000070b700000, 0x000000070b700000| Untracked 
| 166|0x000000070b800000, 0x000000070b800000, 0x000000070b900000|  0%| F|  |TAMS 0x000000070b800000, 0x000000070b800000| Untracked 
| 167|0x000000070b900000, 0x000000070b900000, 0x000000070ba00000|  0%| F|  |TAMS 0x000000070b900000, 0x000000070b900000| Untracked 
| 168|0x000000070ba00000, 0x000000070ba00000, 0x000000070bb00000|  0%| F|  |TAMS 0x000000070ba00000, 0x000000070ba00000| Untracked 
| 169|0x000000070bb00000, 0x000000070bb00000, 0x000000070bc00000|  0%| F|  |TAMS 0x000000070bb00000, 0x000000070bb00000| Untracked 
| 170|0x000000070bc00000, 0x000000070bc00000, 0x000000070bd00000|  0%| F|  |TAMS 0x000000070bc00000, 0x000000070bc00000| Untracked 
| 171|0x000000070bd00000, 0x000000070bd00000, 0x000000070be00000|  0%| F|  |TAMS 0x000000070bd00000, 0x000000070bd00000| Untracked 
| 172|0x000000070be00000, 0x000000070be00000, 0x000000070bf00000|  0%| F|  |TAMS 0x000000070be00000, 0x000000070be00000| Untracked 
| 173|0x000000070bf00000, 0x000000070bf00000, 0x000000070c000000|  0%| F|  |TAMS 0x000000070bf00000, 0x000000070bf00000| Untracked 
| 174|0x000000070c000000, 0x000000070c000000, 0x000000070c100000|  0%| F|  |TAMS 0x000000070c000000, 0x000000070c000000| Untracked 
| 175|0x000000070c100000, 0x000000070c100000, 0x000000070c200000|  0%| F|  |TAMS 0x000000070c100000, 0x000000070c100000| Untracked 
| 176|0x000000070c200000, 0x000000070c200000, 0x000000070c300000|  0%| F|  |TAMS 0x000000070c200000, 0x000000070c200000| Untracked 
| 177|0x000000070c300000, 0x000000070c300000, 0x000000070c400000|  0%| F|  |TAMS 0x000000070c300000, 0x000000070c300000| Untracked 
| 178|0x000000070c400000, 0x000000070c400000, 0x000000070c500000|  0%| F|  |TAMS 0x000000070c400000, 0x000000070c400000| Untracked 
| 179|0x000000070c500000, 0x000000070c500000, 0x000000070c600000|  0%| F|  |TAMS 0x000000070c500000, 0x000000070c500000| Untracked 
| 180|0x000000070c600000, 0x000000070c600000, 0x000000070c700000|  0%| F|  |TAMS 0x000000070c600000, 0x000000070c600000| Untracked 
| 181|0x000000070c700000, 0x000000070c700000, 0x000000070c800000|  0%| F|  |TAMS 0x000000070c700000, 0x000000070c700000| Untracked 
| 182|0x000000070c800000, 0x000000070c800000, 0x000000070c900000|  0%| F|  |TAMS 0x000000070c800000, 0x000000070c800000| Untracked 
| 183|0x000000070c900000, 0x000000070c900000, 0x000000070ca00000|  0%| F|  |TAMS 0x000000070c900000, 0x000000070c900000| Untracked 
| 184|0x000000070ca00000, 0x000000070ca00000, 0x000000070cb00000|  0%| F|  |TAMS 0x000000070ca00000, 0x000000070ca00000| Untracked 
| 185|0x000000070cb00000, 0x000000070cb00000, 0x000000070cc00000|  0%| F|  |TAMS 0x000000070cb00000, 0x000000070cb00000| Untracked 
| 186|0x000000070cc00000, 0x000000070cc00000, 0x000000070cd00000|  0%| F|  |TAMS 0x000000070cc00000, 0x000000070cc00000| Untracked 
| 187|0x000000070cd00000, 0x000000070cd00000, 0x000000070ce00000|  0%| F|  |TAMS 0x000000070cd00000, 0x000000070cd00000| Untracked 
| 188|0x000000070ce00000, 0x000000070ce00000, 0x000000070cf00000|  0%| F|  |TAMS 0x000000070ce00000, 0x000000070ce00000| Untracked 
| 189|0x000000070cf00000, 0x000000070cf00000, 0x000000070d000000|  0%| F|  |TAMS 0x000000070cf00000, 0x000000070cf00000| Untracked 
| 190|0x000000070d000000, 0x000000070d000000, 0x000000070d100000|  0%| F|  |TAMS 0x000000070d000000, 0x000000070d000000| Untracked 
| 191|0x000000070d100000, 0x000000070d100000, 0x000000070d200000|  0%| F|  |TAMS 0x000000070d100000, 0x000000070d100000| Untracked 
| 192|0x000000070d200000, 0x000000070d200000, 0x000000070d300000|  0%| F|  |TAMS 0x000000070d200000, 0x000000070d200000| Untracked 
| 193|0x000000070d300000, 0x000000070d300000, 0x000000070d400000|  0%| F|  |TAMS 0x000000070d300000, 0x000000070d300000| Untracked 
| 194|0x000000070d400000, 0x000000070d400000, 0x000000070d500000|  0%| F|  |TAMS 0x000000070d400000, 0x000000070d400000| Untracked 
| 195|0x000000070d500000, 0x000000070d500000, 0x000000070d600000|  0%| F|  |TAMS 0x000000070d500000, 0x000000070d500000| Untracked 
| 196|0x000000070d600000, 0x000000070d600000, 0x000000070d700000|  0%| F|  |TAMS 0x000000070d600000, 0x000000070d600000| Untracked 
| 197|0x000000070d700000, 0x000000070d700000, 0x000000070d800000|  0%| F|  |TAMS 0x000000070d700000, 0x000000070d700000| Untracked 
| 198|0x000000070d800000, 0x000000070d800000, 0x000000070d900000|  0%| F|  |TAMS 0x000000070d800000, 0x000000070d800000| Untracked 
| 199|0x000000070d900000, 0x000000070d900000, 0x000000070da00000|  0%| F|  |TAMS 0x000000070d900000, 0x000000070d900000| Untracked 
| 200|0x000000070da00000, 0x000000070da00000, 0x000000070db00000|  0%| F|  |TAMS 0x000000070da00000, 0x000000070da00000| Untracked 
| 201|0x000000070db00000, 0x000000070db00000, 0x000000070dc00000|  0%| F|  |TAMS 0x000000070db00000, 0x000000070db00000| Untracked 
| 202|0x000000070dc00000, 0x000000070dc00000, 0x000000070dd00000|  0%| F|  |TAMS 0x000000070dc00000, 0x000000070dc00000| Untracked 
| 203|0x000000070dd00000, 0x000000070dd00000, 0x000000070de00000|  0%| F|  |TAMS 0x000000070dd00000, 0x000000070dd00000| Untracked 
| 204|0x000000070de00000, 0x000000070de00000, 0x000000070df00000|  0%| F|  |TAMS 0x000000070de00000, 0x000000070de00000| Untracked 
| 205|0x000000070df00000, 0x000000070df00000, 0x000000070e000000|  0%| F|  |TAMS 0x000000070df00000, 0x000000070df00000| Untracked 
| 206|0x000000070e000000, 0x000000070e000000, 0x000000070e100000|  0%| F|  |TAMS 0x000000070e000000, 0x000000070e000000| Untracked 
| 207|0x000000070e100000, 0x000000070e100000, 0x000000070e200000|  0%| F|  |TAMS 0x000000070e100000, 0x000000070e100000| Untracked 
| 208|0x000000070e200000, 0x000000070e200000, 0x000000070e300000|  0%| F|  |TAMS 0x000000070e200000, 0x000000070e200000| Untracked 
| 209|0x000000070e300000, 0x000000070e300000, 0x000000070e400000|  0%| F|  |TAMS 0x000000070e300000, 0x000000070e300000| Untracked 
| 210|0x000000070e400000, 0x000000070e400000, 0x000000070e500000|  0%| F|  |TAMS 0x000000070e400000, 0x000000070e400000| Untracked 
| 211|0x000000070e500000, 0x000000070e500000, 0x000000070e600000|  0%| F|  |TAMS 0x000000070e500000, 0x000000070e500000| Untracked 
| 212|0x000000070e600000, 0x000000070e600000, 0x000000070e700000|  0%| F|  |TAMS 0x000000070e600000, 0x000000070e600000| Untracked 
| 213|0x000000070e700000, 0x000000070e700000, 0x000000070e800000|  0%| F|  |TAMS 0x000000070e700000, 0x000000070e700000| Untracked 
| 214|0x000000070e800000, 0x000000070e800000, 0x000000070e900000|  0%| F|  |TAMS 0x000000070e800000, 0x000000070e800000| Untracked 
| 215|0x000000070e900000, 0x000000070e900000, 0x000000070ea00000|  0%| F|  |TAMS 0x000000070e900000, 0x000000070e900000| Untracked 
| 216|0x000000070ea00000, 0x000000070ea00000, 0x000000070eb00000|  0%| F|  |TAMS 0x000000070ea00000, 0x000000070ea00000| Untracked 
| 217|0x000000070eb00000, 0x000000070eb00000, 0x000000070ec00000|  0%| F|  |TAMS 0x000000070eb00000, 0x000000070eb00000| Untracked 
| 218|0x000000070ec00000, 0x000000070ec00000, 0x000000070ed00000|  0%| F|  |TAMS 0x000000070ec00000, 0x000000070ec00000| Untracked 
| 219|0x000000070ed00000, 0x000000070ed00000, 0x000000070ee00000|  0%| F|  |TAMS 0x000000070ed00000, 0x000000070ed00000| Untracked 
| 220|0x000000070ee00000, 0x000000070ee00000, 0x000000070ef00000|  0%| F|  |TAMS 0x000000070ee00000, 0x000000070ee00000| Untracked 
| 221|0x000000070ef00000, 0x000000070ef00000, 0x000000070f000000|  0%| F|  |TAMS 0x000000070ef00000, 0x000000070ef00000| Untracked 
| 222|0x000000070f000000, 0x000000070f000000, 0x000000070f100000|  0%| F|  |TAMS 0x000000070f000000, 0x000000070f000000| Untracked 
| 223|0x000000070f100000, 0x000000070f100000, 0x000000070f200000|  0%| F|  |TAMS 0x000000070f100000, 0x000000070f100000| Untracked 
| 224|0x000000070f200000, 0x000000070f200000, 0x000000070f300000|  0%| F|  |TAMS 0x000000070f200000, 0x000000070f200000| Untracked 
| 225|0x000000070f300000, 0x000000070f300000, 0x000000070f400000|  0%| F|  |TAMS 0x000000070f300000, 0x000000070f300000| Untracked 
| 226|0x000000070f400000, 0x000000070f400000, 0x000000070f500000|  0%| F|  |TAMS 0x000000070f400000, 0x000000070f400000| Untracked 
| 227|0x000000070f500000, 0x000000070f500000, 0x000000070f600000|  0%| F|  |TAMS 0x000000070f500000, 0x000000070f500000| Untracked 
| 228|0x000000070f600000, 0x000000070f600000, 0x000000070f700000|  0%| F|  |TAMS 0x000000070f600000, 0x000000070f600000| Untracked 
| 229|0x000000070f700000, 0x000000070f800000, 0x000000070f800000|100%| S|CS|TAMS 0x000000070f700000, 0x000000070f700000| Complete 
| 230|0x000000070f800000, 0x000000070f900000, 0x000000070f900000|100%| S|CS|TAMS 0x000000070f800000, 0x000000070f800000| Complete 
| 231|0x000000070f900000, 0x000000070fa00000, 0x000000070fa00000|100%| S|CS|TAMS 0x000000070f900000, 0x000000070f900000| Complete 
| 232|0x000000070fa00000, 0x000000070fa00000, 0x000000070fb00000|  0%| F|  |TAMS 0x000000070fa00000, 0x000000070fa00000| Untracked 
| 233|0x000000070fb00000, 0x000000070fb00000, 0x000000070fc00000|  0%| F|  |TAMS 0x000000070fb00000, 0x000000070fb00000| Untracked 
| 234|0x000000070fc00000, 0x000000070fc00000, 0x000000070fd00000|  0%| F|  |TAMS 0x000000070fc00000, 0x000000070fc00000| Untracked 
| 235|0x000000070fd00000, 0x000000070fd00000, 0x000000070fe00000|  0%| F|  |TAMS 0x000000070fd00000, 0x000000070fd00000| Untracked 
| 236|0x000000070fe00000, 0x000000070fe00000, 0x000000070ff00000|  0%| F|  |TAMS 0x000000070fe00000, 0x000000070fe00000| Untracked 
| 237|0x000000070ff00000, 0x000000070ff00000, 0x0000000710000000|  0%| F|  |TAMS 0x000000070ff00000, 0x000000070ff00000| Untracked 
| 238|0x0000000710000000, 0x0000000710000000, 0x0000000710100000|  0%| F|  |TAMS 0x0000000710000000, 0x0000000710000000| Untracked 
| 239|0x0000000710100000, 0x0000000710100000, 0x0000000710200000|  0%| F|  |TAMS 0x0000000710100000, 0x0000000710100000| Untracked 
| 240|0x0000000710200000, 0x0000000710200000, 0x0000000710300000|  0%| F|  |TAMS 0x0000000710200000, 0x0000000710200000| Untracked 
| 241|0x0000000710300000, 0x0000000710300000, 0x0000000710400000|  0%| F|  |TAMS 0x0000000710300000, 0x0000000710300000| Untracked 
| 242|0x0000000710400000, 0x0000000710400000, 0x0000000710500000|  0%| F|  |TAMS 0x0000000710400000, 0x0000000710400000| Untracked 
| 243|0x0000000710500000, 0x0000000710500000, 0x0000000710600000|  0%| F|  |TAMS 0x0000000710500000, 0x0000000710500000| Untracked 
| 244|0x0000000710600000, 0x0000000710600000, 0x0000000710700000|  0%| F|  |TAMS 0x0000000710600000, 0x0000000710600000| Untracked 
| 245|0x0000000710700000, 0x0000000710780800, 0x0000000710800000| 50%| E|  |TAMS 0x0000000710700000, 0x0000000710700000| Complete 
| 246|0x0000000710800000, 0x0000000710900000, 0x0000000710900000|100%| E|CS|TAMS 0x0000000710800000, 0x0000000710800000| Complete 
| 247|0x0000000710900000, 0x0000000710a00000, 0x0000000710a00000|100%| E|CS|TAMS 0x0000000710900000, 0x0000000710900000| Complete 
| 248|0x0000000710a00000, 0x0000000710b00000, 0x0000000710b00000|100%| E|CS|TAMS 0x0000000710a00000, 0x0000000710a00000| Complete 
| 249|0x0000000710b00000, 0x0000000710c00000, 0x0000000710c00000|100%| E|CS|TAMS 0x0000000710b00000, 0x0000000710b00000| Complete 
| 250|0x0000000710c00000, 0x0000000710d00000, 0x0000000710d00000|100%| E|CS|TAMS 0x0000000710c00000, 0x0000000710c00000| Complete 
| 251|0x0000000710d00000, 0x0000000710e00000, 0x0000000710e00000|100%| E|CS|TAMS 0x0000000710d00000, 0x0000000710d00000| Complete 
| 252|0x0000000710e00000, 0x0000000710f00000, 0x0000000710f00000|100%| E|CS|TAMS 0x0000000710e00000, 0x0000000710e00000| Complete 
| 253|0x0000000710f00000, 0x0000000711000000, 0x0000000711000000|100%| E|CS|TAMS 0x0000000710f00000, 0x0000000710f00000| Complete 
| 254|0x0000000711000000, 0x0000000711100000, 0x0000000711100000|100%| E|CS|TAMS 0x0000000711000000, 0x0000000711000000| Complete 
| 255|0x0000000711100000, 0x0000000711200000, 0x0000000711200000|100%| E|CS|TAMS 0x0000000711100000, 0x0000000711100000| Complete 

Card table byte_map: [0x00000171201f0000,0x00000171209f0000] _byte_map_base: 0x000001711c9e7000

Marking Bits (Prev, Next): (CMBitMap*) 0x00000171080031d8, (CMBitMap*) 0x0000017108003210
 Prev Bits: [0x00000171211f0000, 0x00000171251a8000)
 Next Bits: [0x00000171251b0000, 0x0000017129168000)

Polling page: 0x0000017107770000

Metaspace:

Usage:
  Non-class:     14.22 MB capacity,    13.99 MB ( 98%) used,   192.79 KB (  1%) free+waste,    46.50 KB ( <1%) overhead. 
      Class:      1.74 MB capacity,     1.55 MB ( 89%) used,   169.09 KB ( 10%) free+waste,    24.75 KB (  1%) overhead. 
       Both:     15.96 MB capacity,    15.53 MB ( 97%) used,   361.88 KB (  2%) free+waste,    71.25 KB ( <1%) overhead. 

Virtual space:
  Non-class space:       16.00 MB reserved,      14.25 MB ( 89%) committed 
      Class space:        1.00 GB reserved,       1.75 MB ( <1%) committed 
             Both:        1.02 GB reserved,      16.00 MB (  2%) committed 

Chunk freelists:
   Non-Class:  30.00 KB
       Class:  14.00 KB
        Both:  44.00 KB

MaxMetaspaceSize: 17179869184.00 GB
CompressedClassSpaceSize: 1.00 GB
Initial GC threshold: 20.80 MB
Current GC threshold: 20.80 MB
CDS: off

CodeHeap 'non-profiled nmethods': size=120000Kb used=788Kb max_used=788Kb free=119212Kb
 bounds [0x0000017118190000, 0x0000017118400000, 0x000001711f6c0000]
CodeHeap 'profiled nmethods': size=120000Kb used=3227Kb max_used=3227Kb free=116772Kb
 bounds [0x0000017110c60000, 0x0000017110f90000, 0x0000017118190000]
CodeHeap 'non-nmethods': size=5760Kb used=1279Kb max_used=1310Kb free=4480Kb
 bounds [0x00000171106c0000, 0x0000017110930000, 0x0000017110c60000]
 total_blobs=2284 nmethods=1711 adapters=485
 compilation: enabled
              stopped_count=0, restarted_count=0
 full_count=0

Compilation events (20 events):
Event: 14.213 Thread 0x000001712c5f5800 1702       4       java.util.IdentityHashMap::clear (39 bytes)
Event: 14.215 Thread 0x000001712c5f5800 nmethod 1702 0x0000017118252b90 code [0x0000017118252d20, 0x0000017118252fb8]
Event: 14.503 Thread 0x000001712c5f5800 1703       4       java.util.ArrayList::iterator (9 bytes)
Event: 14.504 Thread 0x000001712c5f5800 nmethod 1703 0x0000017118253090 code [0x0000017118253220, 0x0000017118253318]
Event: 14.535 Thread 0x000001712c5f8800 1704       3       sun.font.FontStrikeDesc::<init> (144 bytes)
Event: 14.535 Thread 0x000001712c5f8800 nmethod 1704 0x0000017110f85f10 code [0x0000017110f860e0, 0x0000017110f864b8]
Event: 14.673 Thread 0x000001712c5f5800 1705       4       sun.java2d.SunGraphics2D::validateBasicStroke (332 bytes)
Event: 14.674 Thread 0x000001712c5f5800 nmethod 1705 0x0000017118253410 code [0x0000017118253600, 0x0000017118253828]
Event: 15.021 Thread 0x000001712c5f8800 1706       3       sun.java2d.pipe.Region::getIntersection (132 bytes)
Event: 15.022 Thread 0x000001712c5f8800 nmethod 1706 0x0000017110f86590 code [0x0000017110f867a0, 0x0000017110f86e08]
Event: 15.053 Thread 0x000001712c5f5800 1707       4       sun.awt.AWTAutoShutdown::isReadyToShutdown (37 bytes)
Event: 15.054 Thread 0x000001712c5f5800 nmethod 1707 0x0000017118253b10 code [0x0000017118253ca0, 0x0000017118253d58]
Event: 15.222 Thread 0x000001712c5f5800 1708       4       sun.java2d.SunGraphics2D::dispose (12 bytes)
Event: 15.225 Thread 0x000001712c5f5800 nmethod 1708 0x0000017118253e90 code [0x0000017118254020, 0x00000171182545b8]
Event: 15.252 Thread 0x000001712c5f5800 1709       4       java.awt.Component::getForeground (29 bytes)
Event: 15.253 Thread 0x000001712c5f5800 nmethod 1709 0x0000017118254610 code [0x00000171182547c0, 0x0000017118254888]
Event: 15.377 Thread 0x000001712c5f5800 1710       4       java.lang.Math::max (45 bytes)
Event: 15.377 Thread 0x000001712c5f5800 nmethod 1710 0x0000017118254990 code [0x0000017118254b40, 0x0000017118254c18]
Event: 15.634 Thread 0x000001712c5f5800 1711       4       sun.java2d.StateTrackableDelegate::markDirty (6 bytes)
Event: 15.634 Thread 0x000001712c5f5800 nmethod 1711 0x0000017118254d10 code [0x0000017118254ea0, 0x0000017118254f58]

GC Heap History (2 events):
Event: 8.866 GC heap before
{Heap before GC invocations=0 (full 0):
 garbage-first heap   total 262144K, used 24576K [0x0000000701200000, 0x0000000800000000)
  region size 1024K, 24 young (24576K), 0 survivors (0K)
 Metaspace       used 15802K, capacity 16276K, committed 16384K, reserved 1064960K
  class space    used 1583K, capacity 1778K, committed 1792K, reserved 1048576K
}
Event: 8.869 GC heap after
{Heap after GC invocations=1 (full 0):
 garbage-first heap   total 262144K, used 3434K [0x0000000701200000, 0x0000000800000000)
  region size 1024K, 3 young (3072K), 3 survivors (3072K)
 Metaspace       used 15802K, capacity 16276K, committed 16384K, reserved 1064960K
  class space    used 1583K, capacity 1778K, committed 1792K, reserved 1048576K
}

Deoptimization events (20 events):
Event: 7.631 Thread 0x0000017133b90800 Uncommon trap: trap_request=0xffffffcc fr.pc=0x0000017118237ef0 relative=0x0000000000000330
Event: 7.631 Thread 0x000001713414a800 Uncommon trap: trap_request=0xffffffcc fr.pc=0x0000017118237ef0 relative=0x0000000000000330
Event: 7.631 Thread 0x0000017133b90800 Uncommon trap: reason=intrinsic_or_type_checked_inlining action=make_not_entrant pc=0x0000017118237ef0 method=java.util.Arrays.copyOf([Ljava/lang/Object;ILjava/lang/Class;)[Ljava/lang/Object; @ 35 c2
Event: 7.631 Thread 0x000001713414a800 Uncommon trap: reason=intrinsic_or_type_checked_inlining action=make_not_entrant pc=0x0000017118237ef0 method=java.util.Arrays.copyOf([Ljava/lang/Object;ILjava/lang/Class;)[Ljava/lang/Object; @ 35 c2
Event: 7.631 Thread 0x000001713414a800 DEOPT PACKING pc=0x0000017118237ef0 sp=0x0000002ea84fb1f0
Event: 7.631 Thread 0x0000017133b90800 DEOPT PACKING pc=0x0000017118237ef0 sp=0x0000002ea85fef30
Event: 7.631 Thread 0x000001713414a800 DEOPT UNPACKING pc=0x000001711070a1af sp=0x0000002ea84fb180 mode 2
Event: 7.631 Thread 0x0000017133b90800 DEOPT UNPACKING pc=0x000001711070a1af sp=0x0000002ea85feec0 mode 2
Event: 8.337 Thread 0x000001713414a800 Uncommon trap: trap_request=0xffffffde fr.pc=0x00000171182351b4 relative=0x0000000000000454
Event: 8.337 Thread 0x000001713414a800 Uncommon trap: reason=class_check action=maybe_recompile pc=0x00000171182351b4 method=java.util.HashMap.getNode(ILjava/lang/Object;)Ljava/util/HashMap$Node; @ 126 c2
Event: 8.337 Thread 0x000001713414a800 DEOPT PACKING pc=0x00000171182351b4 sp=0x0000002ea84fad60
Event: 8.337 Thread 0x000001713414a800 DEOPT UNPACKING pc=0x000001711070a1af sp=0x0000002ea84fac78 mode 2
Event: 8.337 Thread 0x000001713414a800 Uncommon trap: trap_request=0xffffffde fr.pc=0x00000171182351b4 relative=0x0000000000000454
Event: 8.337 Thread 0x000001713414a800 Uncommon trap: reason=class_check action=maybe_recompile pc=0x00000171182351b4 method=java.util.HashMap.getNode(ILjava/lang/Object;)Ljava/util/HashMap$Node; @ 126 c2
Event: 8.337 Thread 0x000001713414a800 DEOPT PACKING pc=0x00000171182351b4 sp=0x0000002ea84fac40
Event: 8.337 Thread 0x000001713414a800 DEOPT UNPACKING pc=0x000001711070a1af sp=0x0000002ea84fab58 mode 2
Event: 12.623 Thread 0x000001713414a800 DEOPT PACKING pc=0x0000017110ea9b8d sp=0x0000002ea84fa460
Event: 12.623 Thread 0x000001713414a800 DEOPT UNPACKING pc=0x000001711070a95e sp=0x0000002ea84f9938 mode 0
Event: 14.213 Thread 0x000001713414a800 DEOPT PACKING pc=0x0000017110e4984b sp=0x0000002ea84fd030
Event: 14.213 Thread 0x000001713414a800 DEOPT UNPACKING pc=0x000001711070a95e sp=0x0000002ea84fc4c0 mode 0

Classes redefined (0 events):
No events

Internal exceptions (20 events):
Event: 0.161 Thread 0x0000017107f9c000 Exception <a 'java/lang/NoSuchMethodError'{0x0000000710e8e3e0}: 'java.lang.Object java.lang.invoke.DirectMethodHandle$Holder.invokeStatic(java.lang.Object, java.lang.Object, java.lang.Object, java.lang.Object, java.lang.Object, java.lang.Object, java.lang.Object, java.lang.Object, java.lang.Object, java.lang.Object, java.lang.Object, java.lang.Object, java.lang.Object, java.lang.Object, java.lang.Object, java.lang.Object)'> (0x0000000710e8e3e0) thrown at [./src/hotspot/share/interpreter/linkResolver.cpp, l
Event: 0.162 Thread 0x0000017107f9c000 Exception <a 'java/lang/NoSuchMethodError'{0x0000000710e9c050}: 'java.lang.Object java.lang.invoke.DirectMethodHandle$Holder.invokeSpecial(java.lang.Object, java.lang.Object, int, int, java.lang.Object, java.lang.Object, java.lang.Object)'> (0x0000000710e9c050) thrown at [./src/hotspot/share/interpreter/linkResolver.cpp, line 773]
Event: 0.162 Thread 0x0000017107f9c000 Exception <a 'java/lang/NoSuchMethodError'{0x0000000710e9f5e0}: 'java.lang.Object java.lang.invoke.DelegatingMethodHandle$Holder.reinvoke_L(java.lang.Object, int, int, java.lang.Object, java.lang.Object, java.lang.Object)'> (0x0000000710e9f5e0) thrown at [./src/hotspot/share/interpreter/linkResolver.cpp, line 773]
Event: 0.162 Thread 0x0000017107f9c000 Exception <a 'java/lang/NoSuchMethodError'{0x0000000710ea36c0}: 'java.lang.Object java.lang.invoke.DirectMethodHandle$Holder.invokeStatic(java.lang.Object, java.lang.Object, java.lang.Object, java.lang.Object, int)'> (0x0000000710ea36c0) thrown at [./src/hotspot/share/interpreter/linkResolver.cpp, line 773]
Event: 0.170 Thread 0x0000017107f9c000 Exception <a 'java/io/FileNotFoundException'{0x0000000710d06730}> (0x0000000710d06730) thrown at [./src/hotspot/share/prims/jni.cpp, line 616]
Event: 0.209 Thread 0x000001712cd56000 Exception <a 'java/lang/NoSuchMethodError'{0x0000000710dfb4b0}: 'void java.lang.invoke.DirectMethodHandle$Holder.invokeSpecial(java.lang.Object, java.lang.Object)'> (0x0000000710dfb4b0) thrown at [./src/hotspot/share/interpreter/linkResolver.cpp, line 773]
Event: 0.212 Thread 0x0000017107f9c000 Exception <a 'java/lang/NoSuchMethodError'{0x0000000710dae8e0}: 'java.lang.Object java.lang.invoke.DirectMethodHandle$Holder.invokeStatic(java.lang.Object, java.lang.Object, java.lang.Object, java.lang.Object, java.lang.Object, java.lang.Object, java.lang.Object, java.lang.Object, int)'> (0x0000000710dae8e0) thrown at [./src/hotspot/share/interpreter/linkResolver.cpp, line 773]
Event: 0.213 Thread 0x0000017107f9c000 Exception <a 'java/lang/NoSuchMethodError'{0x0000000710dc8840}: 'java.lang.Object java.lang.invoke.DirectMethodHandle$Holder.invokeStatic(java.lang.Object, java.lang.Object, java.lang.Object, java.lang.Object, java.lang.Object, java.lang.Object, java.lang.Object, java.lang.Object, int, int)'> (0x0000000710dc8840) thrown at [./src/hotspot/share/interpreter/linkResolver.cpp, line 773]
Event: 0.325 Thread 0x0000017107f9c000 Exception <a 'java/lang/NoSuchMethodError'{0x0000000710b65fa8}: 'java.lang.Object java.lang.invoke.DirectMethodHandle$Holder.invokeStatic(java.lang.Object, int, java.lang.Object, java.lang.Object, java.lang.Object, java.lang.Object)'> (0x0000000710b65fa8) thrown at [./src/hotspot/share/interpreter/linkResolver.cpp, line 773]
Event: 0.325 Thread 0x0000017107f9c000 Exception <a 'java/lang/NoSuchMethodError'{0x0000000710b6d068}: 'java.lang.Object java.lang.invoke.DirectMethodHandle$Holder.invokeStatic(java.lang.Object, int, java.lang.Object, java.lang.Object, java.lang.Object)'> (0x0000000710b6d068) thrown at [./src/hotspot/share/interpreter/linkResolver.cpp, line 773]
Event: 0.326 Thread 0x0000017107f9c000 Exception <a 'java/lang/NoSuchMethodError'{0x0000000710b70bb0}: 'java.lang.Object java.lang.invoke.DirectMethodHandle$Holder.invokeSpecial(java.lang.Object, java.lang.Object, int, java.lang.Object, java.lang.Object, java.lang.Object)'> (0x0000000710b70bb0) thrown at [./src/hotspot/share/interpreter/linkResolver.cpp, line 773]
Event: 0.343 Thread 0x0000017107f9c000 Exception <a 'java/lang/ClassNotFoundException'{0x0000000710a30800}: com/sun/swing/internal/plaf/metal/resources/spi/metalProvider> (0x0000000710a30800) thrown at [./src/hotspot/share/classfile/systemDictionary.cpp, line 231]
Event: 0.344 Thread 0x0000017107f9c000 Exception <a 'java/lang/ClassNotFoundException'{0x0000000710a34a90}: com/sun/swing/internal/plaf/basic/resources/spi/basicProvider> (0x0000000710a34a90) thrown at [./src/hotspot/share/classfile/systemDictionary.cpp, line 231]
Event: 0.392 Thread 0x0000017107f9c000 Exception <a 'java/lang/NoSuchMethodError'{0x000000071080d780}: 'int java.lang.invoke.DirectMethodHandle$Holder.invokeSpecialIFC(java.lang.Object, java.lang.Object, int)'> (0x000000071080d780) thrown at [./src/hotspot/share/interpreter/linkResolver.cpp, line 773]
Event: 0.418 Thread 0x0000017107f9c000 Exception <a 'java/lang/NoSuchMethodError'{0x0000000710878148}: 'void java.lang.invoke.DirectMethodHandle$Holder.invokeStaticInit(java.lang.Object)'> (0x0000000710878148) thrown at [./src/hotspot/share/interpreter/linkResolver.cpp, line 773]
Event: 0.442 Thread 0x0000017107f9c000 Exception <a 'java/lang/NoSuchMethodError'{0x0000000710641e88}: 'java.lang.Object java.lang.invoke.DirectMethodHandle$Holder.invokeStatic(java.lang.Object, java.lang.Object, java.lang.Object, java.lang.Object, java.lang.Object, java.lang.Object, java.lang.Object, java.lang.Object, java.lang.Object, java.lang.Object, java.lang.Object, int)'> (0x0000000710641e88) thrown at [./src/hotspot/share/interpreter/linkResolver.cpp, line 773]
Event: 0.442 Thread 0x0000017107f9c000 Exception <a 'java/lang/NoSuchMethodError'{0x0000000710660090}: 'java.lang.Object java.lang.invoke.DirectMethodHandle$Holder.invokeStatic(java.lang.Object, java.lang.Object, java.lang.Object, java.lang.Object, java.lang.Object, java.lang.Object, java.lang.Object, java.lang.Object, java.lang.Object, java.lang.Object, java.lang.Object, int, int)'> (0x0000000710660090) thrown at [./src/hotspot/share/interpreter/linkResolver.cpp, line 773]
Event: 0.443 Thread 0x0000017107f9c000 Exception <a 'java/lang/NoSuchMethodError'{0x000000071067f298}: 'java.lang.Object java.lang.invoke.DirectMethodHandle$Holder.invokeStatic(java.lang.Object, java.lang.Object, java.lang.Object, java.lang.Object, java.lang.Object, java.lang.Object, java.lang.Object, java.lang.Object, java.lang.Object, java.lang.Object, java.lang.Object, int, int, java.lang.Object)'> (0x000000071067f298) thrown at [./src/hotspot/share/interpreter/linkResolver.cpp, line 773]
Event: 0.444 Thread 0x0000017107f9c000 Exception <a 'java/lang/NoSuchMethodError'{0x000000071068b248}: 'java.lang.Object java.lang.invoke.Invokers$Holder.linkToTargetMethod(java.lang.Object, int, java.lang.Object)'> (0x000000071068b248) thrown at [./src/hotspot/share/interpreter/linkResolver.cpp, line 773]
Event: 0.515 Thread 0x000001713414a800 Exception <a 'java/lang/NoSuchMethodError'{0x0000000710555ad0}: 'java.lang.Object java.lang.invoke.DirectMethodHandle$Holder.invokeStatic(java.lang.Object, java.lang.Object, java.lang.Object, java.lang.Object, java.lang.Object, java.lang.Object, java.lang.Object, java.lang.Object, java.lang.Object, java.lang.Object, java.lang.Object, int, int, java.lang.Object, java.lang.Object)'> (0x0000000710555ad0) thrown at [./src/hotspot/share/interpreter/linkResolver.cpp, line 773]

Events (20 events):
Event: 8.870 Executing VM operation: RevokeBias
Event: 8.870 Executing VM operation: RevokeBias done
Event: 8.870 Executing VM operation: RevokeBias
Event: 8.870 Executing VM operation: RevokeBias done
Event: 8.870 Executing VM operation: RevokeBias
Event: 8.870 Executing VM operation: RevokeBias done
Event: 9.838 Executing VM operation: RevokeBias
Event: 9.838 Executing VM operation: RevokeBias done
Event: 9.838 Thread 0x00000171343fb800 Thread exited: 0x00000171343fb800
Event: 15.632 loading class jdk/internal/misc/Signal$1
Event: 15.632 loading class jdk/internal/misc/Signal$1 done
Event: 15.633 Thread 0x0000017134400800 Thread added: 0x0000017134400800
Event: 15.633 Executing VM operation: RevokeBias
Event: 15.633 Executing VM operation: RevokeBias done
Event: 15.633 Thread 0x00000171343fc800 Thread added: 0x00000171343fc800
Event: 15.633 Thread 0x00000171343ff800 Thread added: 0x00000171343ff800
Event: 15.633 Thread 0x00000171343ff800 Thread exited: 0x00000171343ff800
Event: 15.633 Executing VM operation: RevokeBias
Event: 15.634 Executing VM operation: RevokeBias done
Event: 15.634 Thread 0x0000017133b90800 Thread exited: 0x0000017133b90800


Dynamic libraries:
0x00007ff645780000 - 0x00007ff64578d000 	C:\Program Files\Eclipse Adoptium\jdk-11.0.13.8-hotspot\bin\java.exe
0x00007fff1c7b0000 - 0x00007fff1c9c4000 	C:\WINDOWS\SYSTEM32\ntdll.dll
0x00007fff1ab10000 - 0x00007fff1abd2000 	C:\WINDOWS\System32\KERNEL32.DLL
0x00007fff1a1c0000 - 0x00007fff1a55b000 	C:\WINDOWS\System32\KERNELBASE.dll
0x00007fff1a0a0000 - 0x00007fff1a1b1000 	C:\WINDOWS\System32\ucrtbase.dll
0x00007fff13d90000 - 0x00007fff13da7000 	C:\Program Files\Eclipse Adoptium\jdk-11.0.13.8-hotspot\bin\jli.dll
0x00007fff16cb0000 - 0x00007fff16cc5000 	C:\Program Files\Eclipse Adoptium\jdk-11.0.13.8-hotspot\bin\VCRUNTIME140.dll
0x00007fff1bd50000 - 0x00007fff1befb000 	C:\WINDOWS\System32\USER32.dll
0x00007fff0c4b0000 - 0x00007fff0c73e000 	C:\WINDOWS\WinSxS\amd64_microsoft.windows.common-controls_6595b64144ccf1df_6.0.22610.1_none_60e402979af6a548\COMCTL32.dll
0x00007fff19d60000 - 0x00007fff19d86000 	C:\WINDOWS\System32\win32u.dll
0x00007fff1ad90000 - 0x00007fff1ae37000 	C:\WINDOWS\System32\msvcrt.dll
0x00007fff1ace0000 - 0x00007fff1ad09000 	C:\WINDOWS\System32\GDI32.dll
0x00007fff19e10000 - 0x00007fff19f22000 	C:\WINDOWS\System32\gdi32full.dll
0x00007fff19c00000 - 0x00007fff19c9a000 	C:\WINDOWS\System32\msvcp_win.dll
0x00007fff1ba50000 - 0x00007fff1ba81000 	C:\WINDOWS\System32\IMM32.DLL
0x00007fff02990000 - 0x00007fff02a2b000 	C:\Program Files\Eclipse Adoptium\jdk-11.0.13.8-hotspot\bin\msvcp140.dll
0x00007ffea25c0000 - 0x00007ffea313e000 	C:\Program Files\Eclipse Adoptium\jdk-11.0.13.8-hotspot\bin\server\jvm.dll
0x00007fff1b030000 - 0x00007fff1b0de000 	C:\WINDOWS\System32\ADVAPI32.dll
0x00007fff1c6c0000 - 0x00007fff1c764000 	C:\WINDOWS\System32\sechost.dll
0x00007fff1c0f0000 - 0x00007fff1c205000 	C:\WINDOWS\System32\RPCRT4.dll
0x00007fff1a680000 - 0x00007fff1a688000 	C:\WINDOWS\System32\PSAPI.DLL
0x00007fff12a60000 - 0x00007fff12a94000 	C:\WINDOWS\SYSTEM32\WINMM.dll
0x00007ffefba90000 - 0x00007ffefba99000 	C:\WINDOWS\SYSTEM32\WSOCK32.dll
0x00007fff12f00000 - 0x00007fff12f0a000 	C:\WINDOWS\SYSTEM32\VERSION.dll
0x00007fff1ad10000 - 0x00007fff1ad81000 	C:\WINDOWS\System32\WS2_32.dll
0x00007fff18d20000 - 0x00007fff18d38000 	C:\WINDOWS\SYSTEM32\kernel.appcore.dll
0x00007fff16490000 - 0x00007fff164a0000 	C:\Program Files\Eclipse Adoptium\jdk-11.0.13.8-hotspot\bin\verify.dll
0x00007fff17860000 - 0x00007fff17a8e000 	C:\WINDOWS\SYSTEM32\DBGHELP.DLL
0x00007fff1c2c0000 - 0x00007fff1c649000 	C:\WINDOWS\System32\combase.dll
0x00007fff1ac00000 - 0x00007fff1acd7000 	C:\WINDOWS\System32\OLEAUT32.dll
0x00007fff02570000 - 0x00007fff025a2000 	C:\WINDOWS\SYSTEM32\dbgcore.DLL
0x00007fff19d90000 - 0x00007fff19e0b000 	C:\WINDOWS\System32\bcryptPrimitives.dll
0x00007fff0bfd0000 - 0x00007fff0bff8000 	C:\Program Files\Eclipse Adoptium\jdk-11.0.13.8-hotspot\bin\java.dll
0x00007fff13670000 - 0x00007fff1367a000 	C:\Program Files\Eclipse Adoptium\jdk-11.0.13.8-hotspot\bin\jimage.dll
0x00007fff0d170000 - 0x00007fff0d17e000 	C:\Program Files\Eclipse Adoptium\jdk-11.0.13.8-hotspot\bin\instrument.dll
0x00007fff0cce0000 - 0x00007fff0ccf7000 	C:\Program Files\Eclipse Adoptium\jdk-11.0.13.8-hotspot\bin\zip.dll
0x00007fff1b0e0000 - 0x00007fff1b8b8000 	C:\WINDOWS\System32\SHELL32.dll
0x00007fff17bf0000 - 0x00007fff184a8000 	C:\WINDOWS\SYSTEM32\windows.storage.dll
0x00007fff17ab0000 - 0x00007fff17bed000 	C:\WINDOWS\SYSTEM32\wintypes.dll
0x00007fff1b8c0000 - 0x00007fff1b9b1000 	C:\WINDOWS\System32\SHCORE.dll
0x00007fff1a5d0000 - 0x00007fff1a62e000 	C:\WINDOWS\System32\shlwapi.dll
0x00007fff19b30000 - 0x00007fff19b51000 	C:\WINDOWS\SYSTEM32\profapi.dll
0x00007fff0b450000 - 0x00007fff0b469000 	C:\Program Files\Eclipse Adoptium\jdk-11.0.13.8-hotspot\bin\net.dll
0x00007fff12c90000 - 0x00007fff12dbf000 	C:\WINDOWS\SYSTEM32\WINHTTP.dll
0x00007fff19180000 - 0x00007fff191e9000 	C:\WINDOWS\system32\mswsock.dll
0x00007fff09c90000 - 0x00007fff09ca2000 	C:\Program Files\Eclipse Adoptium\jdk-11.0.13.8-hotspot\bin\nio.dll
0x00007ffefc550000 - 0x00007ffefc56a000 	C:\Program Files\JetBrains\IntelliJ IDEA Community Edition 2021.3.1\bin\breakgen64.dll
0x00007ffefc8c0000 - 0x00007ffefca5a000 	C:\Program Files\Eclipse Adoptium\jdk-11.0.13.8-hotspot\bin\awt.dll
0x00007fff16d30000 - 0x00007fff16dc6000 	C:\WINDOWS\SYSTEM32\apphelp.dll
0x00007fff17340000 - 0x00007fff1736b000 	C:\WINDOWS\system32\DWMAPI.DLL
0x00007fff16f30000 - 0x00007fff16fdb000 	C:\WINDOWS\system32\uxtheme.dll
0x00007ffeb9740000 - 0x00007ffeb9840000 	C:\WINDOWS\system32\opengl32.dll
0x00007ffebe660000 - 0x00007ffebe68d000 	C:\WINDOWS\SYSTEM32\GLU32.dll
0x00007fff17010000 - 0x00007fff17046000 	C:\WINDOWS\SYSTEM32\dxcore.dll
0x00007fff1bc30000 - 0x00007fff1bd4e000 	C:\WINDOWS\System32\MSCTF.dll
0x00007fff1ba90000 - 0x00007fff1bc2c000 	C:\WINDOWS\System32\ole32.dll
0x00007fff198a0000 - 0x00007fff198b2000 	C:\WINDOWS\SYSTEM32\msasn1.dll
0x00007fff12160000 - 0x00007fff12192000 	C:\WINDOWS\SYSTEM32\cryptnet.dll
0x00007fff19f30000 - 0x00007fff1a096000 	C:\WINDOWS\System32\CRYPT32.dll
0x00007fff11ea0000 - 0x00007fff11ff8000 	C:\WINDOWS\SYSTEM32\drvstore.dll
0x00007fff198c0000 - 0x00007fff198ec000 	C:\WINDOWS\SYSTEM32\devobj.dll
0x00007fff198f0000 - 0x00007fff1993f000 	C:\WINDOWS\SYSTEM32\cfgmgr32.dll
0x00007fff194c0000 - 0x00007fff19506000 	C:\WINDOWS\SYSTEM32\wldp.dll
0x00007fff193b0000 - 0x00007fff193bc000 	C:\WINDOWS\SYSTEM32\cryptbase.dll
0x00007fff1a560000 - 0x00007fff1a5c9000 	C:\WINDOWS\System32\WINTRUST.DLL
0x00007fff1abe0000 - 0x00007fff1abff000 	C:\WINDOWS\System32\imagehlp.dll
0x00007fff19390000 - 0x00007fff193ab000 	C:\WINDOWS\SYSTEM32\CRYPTSP.dll
0x00007fff18c90000 - 0x00007fff18cc5000 	C:\WINDOWS\system32\rsaenh.dll
0x00007fff195b0000 - 0x00007fff195d8000 	C:\WINDOWS\SYSTEM32\bcrypt.dll
0x00007fff191f0000 - 0x00007fff19216000 	C:\WINDOWS\SYSTEM32\gpapi.dll
0x00007ffee0330000 - 0x00007ffee03b6000 	C:\Program Files\Eclipse Adoptium\jdk-11.0.13.8-hotspot\bin\freetype.dll
0x00007ffedc7a0000 - 0x00007ffedc846000 	C:\Program Files\Eclipse Adoptium\jdk-11.0.13.8-hotspot\bin\fontmanager.dll
0x00007fff05550000 - 0x00007fff0567d000 	C:\WINDOWS\SYSTEM32\textinputframework.dll
0x00007fff16940000 - 0x00007fff16a73000 	C:\WINDOWS\SYSTEM32\CoreMessaging.dll
0x00007fff118a0000 - 0x00007fff11c0c000 	C:\WINDOWS\SYSTEM32\CoreUIComponents.dll

dbghelp: loaded successfully - version: 4.0.5 - missing functions: none
symbol engine: initialized successfully - sym options: 0x614 - pdb path: .;C:\Program Files\Eclipse Adoptium\jdk-11.0.13.8-hotspot\bin;C:\WINDOWS\SYSTEM32;C:\WINDOWS\WinSxS\amd64_microsoft.windows.common-controls_6595b64144ccf1df_6.0.22610.1_none_60e402979af6a548;C:\Program Files\Eclipse Adoptium\jdk-11.0.13.8-hotspot\bin\server;C:\Program Files\JetBrains\IntelliJ IDEA Community Edition 2021.3.1\bin;C:\WINDOWS\System32\DriverStore\FileRepository\nv_dispig.inf_amd64_117a3cc2d5caed67

VM Arguments:
jvm_args: -javaagent:C:\Program Files\JetBrains\IntelliJ IDEA Community Edition 2021.3.1\lib\idea_rt.jar=51123:C:\Program Files\JetBrains\IntelliJ IDEA Community Edition 2021.3.1\bin -Dfile.encoding=UTF-8 
java_command: GUI
java_class_path (initial): D:\workspace\java-soft-spec\TankSSDProject\out\production\TankSSDProject
Launcher Type: SUN_STANDARD

[Global flags]
     intx CICompilerCount                          = 4                                         {product} {ergonomic}
     uint ConcGCThreads                            = 2                                         {product} {ergonomic}
     uint G1ConcRefinementThreads                  = 8                                         {product} {ergonomic}
   size_t G1HeapRegionSize                         = 1048576                                   {product} {ergonomic}
    uintx GCDrainStackTargetSize                   = 64                                        {product} {ergonomic}
   size_t InitialHeapSize                          = 268435456                                 {product} {ergonomic}
   size_t MarkStackSize                            = 4194304                                   {product} {ergonomic}
   size_t MaxHeapSize                              = 4276092928                                {product} {ergonomic}
   size_t MaxNewSize                               = 2564816896                                {product} {ergonomic}
   size_t MinHeapDeltaBytes                        = 1048576                                   {product} {ergonomic}
    uintx NonNMethodCodeHeapSize                   = 5836300                                {pd product} {ergonomic}
    uintx NonProfiledCodeHeapSize                  = 122910970                              {pd product} {ergonomic}
    uintx ProfiledCodeHeapSize                     = 122910970                              {pd product} {ergonomic}
    uintx ReservedCodeCacheSize                    = 251658240                              {pd product} {ergonomic}
     bool SegmentedCodeCache                       = true                                      {product} {ergonomic}
     bool UseCompressedClassPointers               = true                                 {lp64_product} {ergonomic}
     bool UseCompressedOops                        = true                                 {lp64_product} {ergonomic}
     bool UseG1GC                                  = true                                      {product} {ergonomic}
     bool UseLargePagesIndividualAllocation        = false                                  {pd product} {ergonomic}

Logging:
Log output configuration:
 #0: stdout all=warning uptime,level,tags
 #1: stderr all=off uptime,level,tags

Environment Variables:
PATH=C:\Program Files\Eclipse Adoptium\jdk-11.0.13.8-hotspot\bin;C:\Program Files (x86)\VMware\VMware Player\bin\;C:\Program Files (x86)\Common Files\Oracle\Java\javapath;C:\WINDOWS\system32;C:\WINDOWS;C:\WINDOWS\System32\Wbem;C:\WINDOWS\System32\WindowsPowerShell\v1.0\;C:\WINDOWS\System32\OpenSSH\;C:\Program Files\Git\cmd;C:\Program Files\nodejs\;C:\Program Files (x86)\Bitvise SSH Client;C:\Program Files\Docker\Docker\resources\bin;C:\ProgramData\DockerDesktop\version-bin;C:\Program Files\swipl\bin;C:\Users\gridx\Documents\customCommand\;D:\php;C:\Program Files\Microsoft SQL Server\150\Tools\Binn\;C:\Program Files\dotnet\;C:\Program Files\Microsoft SQL Server\130\Tools\Binn\;C:\Program Files\Microsoft SQL Server\Client SDK\ODBC\170\Tools\Binn\;C:\Program Files\Azure Data Studio\bin;C:\Program Files (x86)\Microsoft SQL Server\150\DTS\Binn\;C:\Program Files (x86)\Microsoft SQL Server\110\DTS\Binn\;C:\Program Files (x86)\Microsoft SQL Server\120\DTS\Binn\;C:\Program Files (x86)\Microsoft SQL Server\130\DTS\Binn\;C:\Program Files (x86)\Microsoft SQL Server\140\DTS\Binn\;C:\WINDOWS\system32;C:\WINDOWS;C:\WINDOWS\System32\Wbem;C:\WINDOWS\System32\WindowsPowerShell\v1.0\;C:\WINDOWS\System32\OpenSSH\;C:\Users\gridx\AppData\Local\Microsoft\WindowsApps;C:\Users\gridx\AppData\Local\Programs\Microsoft VS Code\bin;C:\Program Files\JetBrains\PyCharm Community Edition 2021.3.1\bin;C:\Program Files\JetBrains\CLion 2021.2.1\bin;C:\Program Files\JetBrains\PyCharm 2021.3.1\bin;C:\Users\gridx\AppData\Roaming\npm;C:\msys64\mingw64\bin;C:\Program Files\JetBrains\IntelliJ IDEA Community Edition 2021.3.1\bin;C:\Program Files\JetBrains\IntelliJ IDEA 2021.3.1\bin;C:\Users\gridx\AppData\Local\Programs\Azure Data Studio\bin;C:\Users\gridx\.dotnet\tools
USERNAME=gridx
OS=Windows_NT
PROCESSOR_IDENTIFIER=AMD64 Family 23 Model 113 Stepping 0, AuthenticAMD



---------------  S Y S T E M  ---------------

OS: Windows 10 , 64 bit Build 22610 (10.0.22610.1)
OS uptime: 1 days 4:55 hours
Hyper-V role detected

CPU:total 8 (initial active 8) (8 cores per cpu, 2 threads per core) family 23 model 113 stepping 0 microcode 0x0, cmov, cx8, fxsr, mmx, sse, sse2, sse3, ssse3, sse4.1, sse4.2, popcnt, avx, avx2, aes, clmul, mmxext, 3dnowpref, lzcnt, sse4a, ht, tsc, tscinvbit, tscinv, bmi1, bmi2, adx, sha, fma

Memory: 4k page, system-wide physical 16310M (1743M free)
TotalPageFile size 34824M (AvailPageFile size 4716M)
current process WorkingSet (physical memory assigned to process): 94M, peak: 118M
current process commit charge ("private bytes"): 388M, peak: 406M

vm_info: OpenJDK 64-Bit Server VM (11.0.13+8) for windows-amd64 JRE (11.0.13+8), built on Oct 19 2021 17:05:59 by "" with unknown MS VC++:1916

END.
